A newer version (0.12.1) of nipype/pydra is available. You are using 0.12+17.gd5d6236
Pydra version:  0.12+17.gd5d6236
python -u /om2/scratch/Thu/nlo/scripts/pipeline/fmriprep-loop-task.py
SUBJECTS = ['sub-29656', 'sub-29657', 'sub-29658', 'sub-29659', 'sub-29660', 'sub-29661', 'sub-29662', 'sub-29664', 'sub-29665', 'sub-29666', 'sub-29667', 'sub-29668', 'sub-29669', 'sub-29670', 'sub-29671', 'sub-29674', 'sub-29675', 'sub-29676', 'sub-29677', 'sub-29678', 'sub-29679', 'sub-29794', 'sub-29795', 'sub-29796', 'sub-29797', 'sub-29798', 'sub-29799', 'sub-29800']
Sample command:
['fmriprep', '/BASE/abide2/KUL_3', '/BASE/abide2/KUL_3/derivatives', 'participant', '--participant_label', 'sub-29656', '--nprocs', '2', '--output-space', 'fsaverage6', '--use-aroma', '--skip-bids-validation', '--mem_mb', '7500', '--fs-license-file', '/BASE/freesurfer_license.txt', '--fs-subjects-dir', '/BASE/abide2/KUL_3/derivatives/freesurfer', '--ignore', 'slicetiming', '--cifti-output', '-w', '/BASE/fmriprep-workdir/abide2/KUL_3/sub-29656']
A newer version (0.12.1) of nipype/pydra is available. You are using 0.12+17.gd5d6236

SingularityTask inputs:
Inputs(executable=[['fmriprep', '/BASE/abide2/KUL_3', '/BASE/abide2/KUL_3/derivatives', 'participant', '--participant_label', 'sub-29656', '--nprocs', '2', '--output-space', 'fsaverage6', '--use-aroma', '--skip-bids-validation', '--mem_mb', '7500', '--fs-license-file', '/BASE/freesurfer_license.txt', '--fs-subjects-dir', '/BASE/abide2/KUL_3/derivatives/freesurfer', '--ignore', 'slicetiming', '--cifti-output', '-w', '/BASE/fmriprep-workdir/abide2/KUL_3/sub-29656'], ['fmriprep', '/BASE/abide2/KUL_3', '/BASE/abide2/KUL_3/derivatives', 'participant', '--participant_label', 'sub-29657', '--nprocs', '2', '--output-space', 'fsaverage6', '--use-aroma', '--skip-bids-validation', '--mem_mb', '7500', '--fs-license-file', '/BASE/freesurfer_license.txt', '--fs-subjects-dir', '/BASE/abide2/KUL_3/derivatives/freesurfer', '--ignore', 'slicetiming', '--cifti-output', '-w', '/BASE/fmriprep-workdir/abide2/KUL_3/sub-29657'], ['fmriprep', '/BASE/abide2/KUL_3', '/BASE/abide2/KUL_3/derivatives', 'participant', '--participant_label', 'sub-29658', '--nprocs', '2', '--output-space', 'fsaverage6', '--use-aroma', '--skip-bids-validation', '--mem_mb', '7500', '--fs-license-file', '/BASE/freesurfer_license.txt', '--fs-subjects-dir', '/BASE/abide2/KUL_3/derivatives/freesurfer', '--ignore', 'slicetiming', '--cifti-output', '-w', '/BASE/fmriprep-workdir/abide2/KUL_3/sub-29658'], ['fmriprep', '/BASE/abide2/KUL_3', '/BASE/abide2/KUL_3/derivatives', 'participant', '--participant_label', 'sub-29659', '--nprocs', '2', '--output-space', 'fsaverage6', '--use-aroma', '--skip-bids-validation', '--mem_mb', '7500', '--fs-license-file', '/BASE/freesurfer_license.txt', '--fs-subjects-dir', '/BASE/abide2/KUL_3/derivatives/freesurfer', '--ignore', 'slicetiming', '--cifti-output', '-w', '/BASE/fmriprep-workdir/abide2/KUL_3/sub-29659'], ['fmriprep', '/BASE/abide2/KUL_3', '/BASE/abide2/KUL_3/derivatives', 'participant', '--participant_label', 'sub-29660', '--nprocs', '2', '--output-space', 'fsaverage6', '--use-aroma', '--skip-bids-validation', '--mem_mb', '7500', '--fs-license-file', '/BASE/freesurfer_license.txt', '--fs-subjects-dir', '/BASE/abide2/KUL_3/derivatives/freesurfer', '--ignore', 'slicetiming', '--cifti-output', '-w', '/BASE/fmriprep-workdir/abide2/KUL_3/sub-29660'], ['fmriprep', '/BASE/abide2/KUL_3', '/BASE/abide2/KUL_3/derivatives', 'participant', '--participant_label', 'sub-29661', '--nprocs', '2', '--output-space', 'fsaverage6', '--use-aroma', '--skip-bids-validation', '--mem_mb', '7500', '--fs-license-file', '/BASE/freesurfer_license.txt', '--fs-subjects-dir', '/BASE/abide2/KUL_3/derivatives/freesurfer', '--ignore', 'slicetiming', '--cifti-output', '-w', '/BASE/fmriprep-workdir/abide2/KUL_3/sub-29661'], ['fmriprep', '/BASE/abide2/KUL_3', '/BASE/abide2/KUL_3/derivatives', 'participant', '--participant_label', 'sub-29662', '--nprocs', '2', '--output-space', 'fsaverage6', '--use-aroma', '--skip-bids-validation', '--mem_mb', '7500', '--fs-license-file', '/BASE/freesurfer_license.txt', '--fs-subjects-dir', '/BASE/abide2/KUL_3/derivatives/freesurfer', '--ignore', 'slicetiming', '--cifti-output', '-w', '/BASE/fmriprep-workdir/abide2/KUL_3/sub-29662'], ['fmriprep', '/BASE/abide2/KUL_3', '/BASE/abide2/KUL_3/derivatives', 'participant', '--participant_label', 'sub-29664', '--nprocs', '2', '--output-space', 'fsaverage6', '--use-aroma', '--skip-bids-validation', '--mem_mb', '7500', '--fs-license-file', '/BASE/freesurfer_license.txt', '--fs-subjects-dir', '/BASE/abide2/KUL_3/derivatives/freesurfer', '--ignore', 'slicetiming', '--cifti-output', '-w', '/BASE/fmriprep-workdir/abide2/KUL_3/sub-29664'], ['fmriprep', '/BASE/abide2/KUL_3', '/BASE/abide2/KUL_3/derivatives', 'participant', '--participant_label', 'sub-29665', '--nprocs', '2', '--output-space', 'fsaverage6', '--use-aroma', '--skip-bids-validation', '--mem_mb', '7500', '--fs-license-file', '/BASE/freesurfer_license.txt', '--fs-subjects-dir', '/BASE/abide2/KUL_3/derivatives/freesurfer', '--ignore', 'slicetiming', '--cifti-output', '-w', '/BASE/fmriprep-workdir/abide2/KUL_3/sub-29665'], ['fmriprep', '/BASE/abide2/KUL_3', '/BASE/abide2/KUL_3/derivatives', 'participant', '--participant_label', 'sub-29666', '--nprocs', '2', '--output-space', 'fsaverage6', '--use-aroma', '--skip-bids-validation', '--mem_mb', '7500', '--fs-license-file', '/BASE/freesurfer_license.txt', '--fs-subjects-dir', '/BASE/abide2/KUL_3/derivatives/freesurfer', '--ignore', 'slicetiming', '--cifti-output', '-w', '/BASE/fmriprep-workdir/abide2/KUL_3/sub-29666'], ['fmriprep', '/BASE/abide2/KUL_3', '/BASE/abide2/KUL_3/derivatives', 'participant', '--participant_label', 'sub-29667', '--nprocs', '2', '--output-space', 'fsaverage6', '--use-aroma', '--skip-bids-validation', '--mem_mb', '7500', '--fs-license-file', '/BASE/freesurfer_license.txt', '--fs-subjects-dir', '/BASE/abide2/KUL_3/derivatives/freesurfer', '--ignore', 'slicetiming', '--cifti-output', '-w', '/BASE/fmriprep-workdir/abide2/KUL_3/sub-29667'], ['fmriprep', '/BASE/abide2/KUL_3', '/BASE/abide2/KUL_3/derivatives', 'participant', '--participant_label', 'sub-29668', '--nprocs', '2', '--output-space', 'fsaverage6', '--use-aroma', '--skip-bids-validation', '--mem_mb', '7500', '--fs-license-file', '/BASE/freesurfer_license.txt', '--fs-subjects-dir', '/BASE/abide2/KUL_3/derivatives/freesurfer', '--ignore', 'slicetiming', '--cifti-output', '-w', '/BASE/fmriprep-workdir/abide2/KUL_3/sub-29668'], ['fmriprep', '/BASE/abide2/KUL_3', '/BASE/abide2/KUL_3/derivatives', 'participant', '--participant_label', 'sub-29669', '--nprocs', '2', '--output-space', 'fsaverage6', '--use-aroma', '--skip-bids-validation', '--mem_mb', '7500', '--fs-license-file', '/BASE/freesurfer_license.txt', '--fs-subjects-dir', '/BASE/abide2/KUL_3/derivatives/freesurfer', '--ignore', 'slicetiming', '--cifti-output', '-w', '/BASE/fmriprep-workdir/abide2/KUL_3/sub-29669'], ['fmriprep', '/BASE/abide2/KUL_3', '/BASE/abide2/KUL_3/derivatives', 'participant', '--participant_label', 'sub-29670', '--nprocs', '2', '--output-space', 'fsaverage6', '--use-aroma', '--skip-bids-validation', '--mem_mb', '7500', '--fs-license-file', '/BASE/freesurfer_license.txt', '--fs-subjects-dir', '/BASE/abide2/KUL_3/derivatives/freesurfer', '--ignore', 'slicetiming', '--cifti-output', '-w', '/BASE/fmriprep-workdir/abide2/KUL_3/sub-29670'], ['fmriprep', '/BASE/abide2/KUL_3', '/BASE/abide2/KUL_3/derivatives', 'participant', '--participant_label', 'sub-29671', '--nprocs', '2', '--output-space', 'fsaverage6', '--use-aroma', '--skip-bids-validation', '--mem_mb', '7500', '--fs-license-file', '/BASE/freesurfer_license.txt', '--fs-subjects-dir', '/BASE/abide2/KUL_3/derivatives/freesurfer', '--ignore', 'slicetiming', '--cifti-output', '-w', '/BASE/fmriprep-workdir/abide2/KUL_3/sub-29671'], ['fmriprep', '/BASE/abide2/KUL_3', '/BASE/abide2/KUL_3/derivatives', 'participant', '--participant_label', 'sub-29674', '--nprocs', '2', '--output-space', 'fsaverage6', '--use-aroma', '--skip-bids-validation', '--mem_mb', '7500', '--fs-license-file', '/BASE/freesurfer_license.txt', '--fs-subjects-dir', '/BASE/abide2/KUL_3/derivatives/freesurfer', '--ignore', 'slicetiming', '--cifti-output', '-w', '/BASE/fmriprep-workdir/abide2/KUL_3/sub-29674'], ['fmriprep', '/BASE/abide2/KUL_3', '/BASE/abide2/KUL_3/derivatives', 'participant', '--participant_label', 'sub-29675', '--nprocs', '2', '--output-space', 'fsaverage6', '--use-aroma', '--skip-bids-validation', '--mem_mb', '7500', '--fs-license-file', '/BASE/freesurfer_license.txt', '--fs-subjects-dir', '/BASE/abide2/KUL_3/derivatives/freesurfer', '--ignore', 'slicetiming', '--cifti-output', '-w', '/BASE/fmriprep-workdir/abide2/KUL_3/sub-29675'], ['fmriprep', '/BASE/abide2/KUL_3', '/BASE/abide2/KUL_3/derivatives', 'participant', '--participant_label', 'sub-29676', '--nprocs', '2', '--output-space', 'fsaverage6', '--use-aroma', '--skip-bids-validation', '--mem_mb', '7500', '--fs-license-file', '/BASE/freesurfer_license.txt', '--fs-subjects-dir', '/BASE/abide2/KUL_3/derivatives/freesurfer', '--ignore', 'slicetiming', '--cifti-output', '-w', '/BASE/fmriprep-workdir/abide2/KUL_3/sub-29676'], ['fmriprep', '/BASE/abide2/KUL_3', '/BASE/abide2/KUL_3/derivatives', 'participant', '--participant_label', 'sub-29677', '--nprocs', '2', '--output-space', 'fsaverage6', '--use-aroma', '--skip-bids-validation', '--mem_mb', '7500', '--fs-license-file', '/BASE/freesurfer_license.txt', '--fs-subjects-dir', '/BASE/abide2/KUL_3/derivatives/freesurfer', '--ignore', 'slicetiming', '--cifti-output', '-w', '/BASE/fmriprep-workdir/abide2/KUL_3/sub-29677'], ['fmriprep', '/BASE/abide2/KUL_3', '/BASE/abide2/KUL_3/derivatives', 'participant', '--participant_label', 'sub-29678', '--nprocs', '2', '--output-space', 'fsaverage6', '--use-aroma', '--skip-bids-validation', '--mem_mb', '7500', '--fs-license-file', '/BASE/freesurfer_license.txt', '--fs-subjects-dir', '/BASE/abide2/KUL_3/derivatives/freesurfer', '--ignore', 'slicetiming', '--cifti-output', '-w', '/BASE/fmriprep-workdir/abide2/KUL_3/sub-29678'], ['fmriprep', '/BASE/abide2/KUL_3', '/BASE/abide2/KUL_3/derivatives', 'participant', '--participant_label', 'sub-29679', '--nprocs', '2', '--output-space', 'fsaverage6', '--use-aroma', '--skip-bids-validation', '--mem_mb', '7500', '--fs-license-file', '/BASE/freesurfer_license.txt', '--fs-subjects-dir', '/BASE/abide2/KUL_3/derivatives/freesurfer', '--ignore', 'slicetiming', '--cifti-output', '-w', '/BASE/fmriprep-workdir/abide2/KUL_3/sub-29679'], ['fmriprep', '/BASE/abide2/KUL_3', '/BASE/abide2/KUL_3/derivatives', 'participant', '--participant_label', 'sub-29794', '--nprocs', '2', '--output-space', 'fsaverage6', '--use-aroma', '--skip-bids-validation', '--mem_mb', '7500', '--fs-license-file', '/BASE/freesurfer_license.txt', '--fs-subjects-dir', '/BASE/abide2/KUL_3/derivatives/freesurfer', '--ignore', 'slicetiming', '--cifti-output', '-w', '/BASE/fmriprep-workdir/abide2/KUL_3/sub-29794'], ['fmriprep', '/BASE/abide2/KUL_3', '/BASE/abide2/KUL_3/derivatives', 'participant', '--participant_label', 'sub-29795', '--nprocs', '2', '--output-space', 'fsaverage6', '--use-aroma', '--skip-bids-validation', '--mem_mb', '7500', '--fs-license-file', '/BASE/freesurfer_license.txt', '--fs-subjects-dir', '/BASE/abide2/KUL_3/derivatives/freesurfer', '--ignore', 'slicetiming', '--cifti-output', '-w', '/BASE/fmriprep-workdir/abide2/KUL_3/sub-29795'], ['fmriprep', '/BASE/abide2/KUL_3', '/BASE/abide2/KUL_3/derivatives', 'participant', '--participant_label', 'sub-29796', '--nprocs', '2', '--output-space', 'fsaverage6', '--use-aroma', '--skip-bids-validation', '--mem_mb', '7500', '--fs-license-file', '/BASE/freesurfer_license.txt', '--fs-subjects-dir', '/BASE/abide2/KUL_3/derivatives/freesurfer', '--ignore', 'slicetiming', '--cifti-output', '-w', '/BASE/fmriprep-workdir/abide2/KUL_3/sub-29796'], ['fmriprep', '/BASE/abide2/KUL_3', '/BASE/abide2/KUL_3/derivatives', 'participant', '--participant_label', 'sub-29797', '--nprocs', '2', '--output-space', 'fsaverage6', '--use-aroma', '--skip-bids-validation', '--mem_mb', '7500', '--fs-license-file', '/BASE/freesurfer_license.txt', '--fs-subjects-dir', '/BASE/abide2/KUL_3/derivatives/freesurfer', '--ignore', 'slicetiming', '--cifti-output', '-w', '/BASE/fmriprep-workdir/abide2/KUL_3/sub-29797'], ['fmriprep', '/BASE/abide2/KUL_3', '/BASE/abide2/KUL_3/derivatives', 'participant', '--participant_label', 'sub-29798', '--nprocs', '2', '--output-space', 'fsaverage6', '--use-aroma', '--skip-bids-validation', '--mem_mb', '7500', '--fs-license-file', '/BASE/freesurfer_license.txt', '--fs-subjects-dir', '/BASE/abide2/KUL_3/derivatives/freesurfer', '--ignore', 'slicetiming', '--cifti-output', '-w', '/BASE/fmriprep-workdir/abide2/KUL_3/sub-29798'], ['fmriprep', '/BASE/abide2/KUL_3', '/BASE/abide2/KUL_3/derivatives', 'participant', '--participant_label', 'sub-29799', '--nprocs', '2', '--output-space', 'fsaverage6', '--use-aroma', '--skip-bids-validation', '--mem_mb', '7500', '--fs-license-file', '/BASE/freesurfer_license.txt', '--fs-subjects-dir', '/BASE/abide2/KUL_3/derivatives/freesurfer', '--ignore', 'slicetiming', '--cifti-output', '-w', '/BASE/fmriprep-workdir/abide2/KUL_3/sub-29799'], ['fmriprep', '/BASE/abide2/KUL_3', '/BASE/abide2/KUL_3/derivatives', 'participant', '--participant_label', 'sub-29800', '--nprocs', '2', '--output-space', 'fsaverage6', '--use-aroma', '--skip-bids-validation', '--mem_mb', '7500', '--fs-license-file', '/BASE/freesurfer_license.txt', '--fs-subjects-dir', '/BASE/abide2/KUL_3/derivatives/freesurfer', '--ignore', 'slicetiming', '--cifti-output', '-w', '/BASE/fmriprep-workdir/abide2/KUL_3/sub-29800']], args=None, image='/om4/group/gablab/data/singularity-images/fmriprep-20.2.0.sif', container_xargs=['--cleanenv'], bindings=[('/om2/scratch/Thu/nlo', '/BASE', 'rw')], container='singularity')

SingularityTask container_args:
[['singularity', 'exec', '--cleanenv', '-B', '/om2/scratch/Thu/nlo:/BASE:rw', '-B', '/rdma/vast-rdma/scratch/Thu/nlo/pydra-cache/abide2/KUL_3/SingularityTask_d7b3f06911ef2e1e602ae25954e67fd85c28d6532de38c217d7d8ac83b3806ff:/output_pydra:rw', '--pwd', '/output_pydra', '/om4/group/gablab/data/singularity-images/fmriprep-20.2.0.sif'], ['singularity', 'exec', '--cleanenv', '-B', '/om2/scratch/Thu/nlo:/BASE:rw', '-B', '/rdma/vast-rdma/scratch/Thu/nlo/pydra-cache/abide2/KUL_3/SingularityTask_73bf76b272b28dafdd04d2e6f9a2c7a864b368a0b23ac72daaea5da58433e79f:/output_pydra:rw', '--pwd', '/output_pydra', '/om4/group/gablab/data/singularity-images/fmriprep-20.2.0.sif'], ['singularity', 'exec', '--cleanenv', '-B', '/om2/scratch/Thu/nlo:/BASE:rw', '-B', '/rdma/vast-rdma/scratch/Thu/nlo/pydra-cache/abide2/KUL_3/SingularityTask_2978b62fb209e9f0d46e9bdc549e5c78cc531a00d02d07928ed4628bf01b822b:/output_pydra:rw', '--pwd', '/output_pydra', '/om4/group/gablab/data/singularity-images/fmriprep-20.2.0.sif'], ['singularity', 'exec', '--cleanenv', '-B', '/om2/scratch/Thu/nlo:/BASE:rw', '-B', '/rdma/vast-rdma/scratch/Thu/nlo/pydra-cache/abide2/KUL_3/SingularityTask_e8adc9325ab8b3b2d5b01b9de80e1fafbc70d95779017122490363155718a342:/output_pydra:rw', '--pwd', '/output_pydra', '/om4/group/gablab/data/singularity-images/fmriprep-20.2.0.sif'], ['singularity', 'exec', '--cleanenv', '-B', '/om2/scratch/Thu/nlo:/BASE:rw', '-B', '/rdma/vast-rdma/scratch/Thu/nlo/pydra-cache/abide2/KUL_3/SingularityTask_b2b478cb9f69f79f9052f60d5d809b9a1266c9e49cdec58926765601f318b16a:/output_pydra:rw', '--pwd', '/output_pydra', '/om4/group/gablab/data/singularity-images/fmriprep-20.2.0.sif'], ['singularity', 'exec', '--cleanenv', '-B', '/om2/scratch/Thu/nlo:/BASE:rw', '-B', '/rdma/vast-rdma/scratch/Thu/nlo/pydra-cache/abide2/KUL_3/SingularityTask_6decab2dd838d03bb898e3dacad0a96b88346371d198304a4be1216cf26d0c5f:/output_pydra:rw', '--pwd', '/output_pydra', '/om4/group/gablab/data/singularity-images/fmriprep-20.2.0.sif'], ['singularity', 'exec', '--cleanenv', '-B', '/om2/scratch/Thu/nlo:/BASE:rw', '-B', '/rdma/vast-rdma/scratch/Thu/nlo/pydra-cache/abide2/KUL_3/SingularityTask_5f3f223f1935e41b9d06f6f056ba0e010d22199395ac4af66d51bb2d760e725c:/output_pydra:rw', '--pwd', '/output_pydra', '/om4/group/gablab/data/singularity-images/fmriprep-20.2.0.sif'], ['singularity', 'exec', '--cleanenv', '-B', '/om2/scratch/Thu/nlo:/BASE:rw', '-B', '/rdma/vast-rdma/scratch/Thu/nlo/pydra-cache/abide2/KUL_3/SingularityTask_8d08eca6fbbc9bcf6cd7ac9e71a91af44402fa68c7a4979b0e001b57498865eb:/output_pydra:rw', '--pwd', '/output_pydra', '/om4/group/gablab/data/singularity-images/fmriprep-20.2.0.sif'], ['singularity', 'exec', '--cleanenv', '-B', '/om2/scratch/Thu/nlo:/BASE:rw', '-B', '/rdma/vast-rdma/scratch/Thu/nlo/pydra-cache/abide2/KUL_3/SingularityTask_cf6d7aa583f773528139cbe1efe6496f1b04df7f3954f7eefa22b091987837f5:/output_pydra:rw', '--pwd', '/output_pydra', '/om4/group/gablab/data/singularity-images/fmriprep-20.2.0.sif'], ['singularity', 'exec', '--cleanenv', '-B', '/om2/scratch/Thu/nlo:/BASE:rw', '-B', '/rdma/vast-rdma/scratch/Thu/nlo/pydra-cache/abide2/KUL_3/SingularityTask_0ce3192f3480deb915f26dbd08103188609713711fb705cda352b2f3593ca230:/output_pydra:rw', '--pwd', '/output_pydra', '/om4/group/gablab/data/singularity-images/fmriprep-20.2.0.sif'], ['singularity', 'exec', '--cleanenv', '-B', '/om2/scratch/Thu/nlo:/BASE:rw', '-B', '/rdma/vast-rdma/scratch/Thu/nlo/pydra-cache/abide2/KUL_3/SingularityTask_9ac708b28f08e8e047c172e8e4ca7d3aa0169734bc48a5412b002f655b808ca1:/output_pydra:rw', '--pwd', '/output_pydra', '/om4/group/gablab/data/singularity-images/fmriprep-20.2.0.sif'], ['singularity', 'exec', '--cleanenv', '-B', '/om2/scratch/Thu/nlo:/BASE:rw', '-B', '/rdma/vast-rdma/scratch/Thu/nlo/pydra-cache/abide2/KUL_3/SingularityTask_6b900dbcd64014a0b9cfd9c37ea47289daedbe839fcabfdaafeceaa2c859ace6:/output_pydra:rw', '--pwd', '/output_pydra', '/om4/group/gablab/data/singularity-images/fmriprep-20.2.0.sif'], ['singularity', 'exec', '--cleanenv', '-B', '/om2/scratch/Thu/nlo:/BASE:rw', '-B', '/rdma/vast-rdma/scratch/Thu/nlo/pydra-cache/abide2/KUL_3/SingularityTask_a86c039d06751a3f8b26a8af8298bce2dbda5fe8121c46bc5118e3d206a11371:/output_pydra:rw', '--pwd', '/output_pydra', '/om4/group/gablab/data/singularity-images/fmriprep-20.2.0.sif'], ['singularity', 'exec', '--cleanenv', '-B', '/om2/scratch/Thu/nlo:/BASE:rw', '-B', '/rdma/vast-rdma/scratch/Thu/nlo/pydra-cache/abide2/KUL_3/SingularityTask_74de821f3369e91d5b214eebf8effc288b4a69360262ed1950537024b58f9501:/output_pydra:rw', '--pwd', '/output_pydra', '/om4/group/gablab/data/singularity-images/fmriprep-20.2.0.sif'], ['singularity', 'exec', '--cleanenv', '-B', '/om2/scratch/Thu/nlo:/BASE:rw', '-B', '/rdma/vast-rdma/scratch/Thu/nlo/pydra-cache/abide2/KUL_3/SingularityTask_6b39b4612f3c93a8d65a12a7d10a7fa7b83553ff7bd70a6ecc180e59a2394dbc:/output_pydra:rw', '--pwd', '/output_pydra', '/om4/group/gablab/data/singularity-images/fmriprep-20.2.0.sif'], ['singularity', 'exec', '--cleanenv', '-B', '/om2/scratch/Thu/nlo:/BASE:rw', '-B', '/rdma/vast-rdma/scratch/Thu/nlo/pydra-cache/abide2/KUL_3/SingularityTask_cff6041ee6611b08effb22574fdff6e83336cb1766c7b9e3a6ce323e2540b6f9:/output_pydra:rw', '--pwd', '/output_pydra', '/om4/group/gablab/data/singularity-images/fmriprep-20.2.0.sif'], ['singularity', 'exec', '--cleanenv', '-B', '/om2/scratch/Thu/nlo:/BASE:rw', '-B', '/rdma/vast-rdma/scratch/Thu/nlo/pydra-cache/abide2/KUL_3/SingularityTask_aa62805e83f86ac4602a9192393267b7ef697fe0f4118127f9f3457ca523adb5:/output_pydra:rw', '--pwd', '/output_pydra', '/om4/group/gablab/data/singularity-images/fmriprep-20.2.0.sif'], ['singularity', 'exec', '--cleanenv', '-B', '/om2/scratch/Thu/nlo:/BASE:rw', '-B', '/rdma/vast-rdma/scratch/Thu/nlo/pydra-cache/abide2/KUL_3/SingularityTask_0a7944308263fc180b00e1ff3a16fd370012db42d10f86a9d97ebb40c9c1a265:/output_pydra:rw', '--pwd', '/output_pydra', '/om4/group/gablab/data/singularity-images/fmriprep-20.2.0.sif'], ['singularity', 'exec', '--cleanenv', '-B', '/om2/scratch/Thu/nlo:/BASE:rw', '-B', '/rdma/vast-rdma/scratch/Thu/nlo/pydra-cache/abide2/KUL_3/SingularityTask_b33157e5087114be38e55df7f9b9bba7c91a7bd9e9d9bd5c36eaa41d3134e1b8:/output_pydra:rw', '--pwd', '/output_pydra', '/om4/group/gablab/data/singularity-images/fmriprep-20.2.0.sif'], ['singularity', 'exec', '--cleanenv', '-B', '/om2/scratch/Thu/nlo:/BASE:rw', '-B', '/rdma/vast-rdma/scratch/Thu/nlo/pydra-cache/abide2/KUL_3/SingularityTask_dd77ff5a3809025ae9bc2363d4fce71b67b9e831b5b8a98604374f0a81b1b1f8:/output_pydra:rw', '--pwd', '/output_pydra', '/om4/group/gablab/data/singularity-images/fmriprep-20.2.0.sif'], ['singularity', 'exec', '--cleanenv', '-B', '/om2/scratch/Thu/nlo:/BASE:rw', '-B', '/rdma/vast-rdma/scratch/Thu/nlo/pydra-cache/abide2/KUL_3/SingularityTask_024af4ada0427ab0f7ee8f319655c61811648555647f2135d0299d2c9fbd7b33:/output_pydra:rw', '--pwd', '/output_pydra', '/om4/group/gablab/data/singularity-images/fmriprep-20.2.0.sif'], ['singularity', 'exec', '--cleanenv', '-B', '/om2/scratch/Thu/nlo:/BASE:rw', '-B', '/rdma/vast-rdma/scratch/Thu/nlo/pydra-cache/abide2/KUL_3/SingularityTask_ecf3789e83e1fc16e49776f946a05040948a1c68d8ed0694a536b963ab21e3c5:/output_pydra:rw', '--pwd', '/output_pydra', '/om4/group/gablab/data/singularity-images/fmriprep-20.2.0.sif'], ['singularity', 'exec', '--cleanenv', '-B', '/om2/scratch/Thu/nlo:/BASE:rw', '-B', '/rdma/vast-rdma/scratch/Thu/nlo/pydra-cache/abide2/KUL_3/SingularityTask_d58148e5bb22459d63313796158f622d829ee195b042e6589c7cd6b8bff6d376:/output_pydra:rw', '--pwd', '/output_pydra', '/om4/group/gablab/data/singularity-images/fmriprep-20.2.0.sif'], ['singularity', 'exec', '--cleanenv', '-B', '/om2/scratch/Thu/nlo:/BASE:rw', '-B', '/rdma/vast-rdma/scratch/Thu/nlo/pydra-cache/abide2/KUL_3/SingularityTask_2175b37e4b51bf6f0e8d75478defc8b465e4608ee59305425b26592282addad9:/output_pydra:rw', '--pwd', '/output_pydra', '/om4/group/gablab/data/singularity-images/fmriprep-20.2.0.sif'], ['singularity', 'exec', '--cleanenv', '-B', '/om2/scratch/Thu/nlo:/BASE:rw', '-B', '/rdma/vast-rdma/scratch/Thu/nlo/pydra-cache/abide2/KUL_3/SingularityTask_362bf577839e4c307de349e47cbab05f0dcd25b7c8da0a612da8d796c502b07a:/output_pydra:rw', '--pwd', '/output_pydra', '/om4/group/gablab/data/singularity-images/fmriprep-20.2.0.sif'], ['singularity', 'exec', '--cleanenv', '-B', '/om2/scratch/Thu/nlo:/BASE:rw', '-B', '/rdma/vast-rdma/scratch/Thu/nlo/pydra-cache/abide2/KUL_3/SingularityTask_ca956f9d85c7f0569b18add1735bf5d2e5d91fe232636128cb089c5db4ab7024:/output_pydra:rw', '--pwd', '/output_pydra', '/om4/group/gablab/data/singularity-images/fmriprep-20.2.0.sif'], ['singularity', 'exec', '--cleanenv', '-B', '/om2/scratch/Thu/nlo:/BASE:rw', '-B', '/rdma/vast-rdma/scratch/Thu/nlo/pydra-cache/abide2/KUL_3/SingularityTask_f9d84e2544c4dfbc36a3eb5cefa2d8701d9f1d61f6c14a8845690b060a892241:/output_pydra:rw', '--pwd', '/output_pydra', '/om4/group/gablab/data/singularity-images/fmriprep-20.2.0.sif'], ['singularity', 'exec', '--cleanenv', '-B', '/om2/scratch/Thu/nlo:/BASE:rw', '-B', '/rdma/vast-rdma/scratch/Thu/nlo/pydra-cache/abide2/KUL_3/SingularityTask_6e0e322e842d9c0d620ec750cd8c089d0194058bacace6c7053da2bb5cfaeba3:/output_pydra:rw', '--pwd', '/output_pydra', '/om4/group/gablab/data/singularity-images/fmriprep-20.2.0.sif']]

sbatch_args:-J KUL_3 -t 36:00:00 --mem=8GB --cpus-per-task=2 -p normal --mail-user=nlo@mit.edu --mail-type=ALL,TIME_LIMIT
Traceback (most recent call last):
  File "/om2/scratch/Thu/nlo/scripts/pipeline/fmriprep-loop-task.py", line 86, in <module>
    with Submitter(plugin="slurm", sbatch_args=SBATCH_ARGS, max_jobs=400) as sub:
  File "/om2/user/nlo/miniconda/envs/pydra/lib/python3.7/site-packages/pydra/engine/core.py", line 424, in __call__
    res = sub(self)
  File "/om2/user/nlo/miniconda/envs/pydra/lib/python3.7/site-packages/pydra/engine/submitter.py", line 58, in __call__
    self.loop.run_until_complete(self.submit(runnable, wait=True, rerun=rerun))
  File "/om2/user/nlo/miniconda/envs/pydra/lib/python3.7/asyncio/base_events.py", line 587, in run_until_complete
    return future.result()
  File "/om2/user/nlo/miniconda/envs/pydra/lib/python3.7/site-packages/pydra/engine/submitter.py", line 132, in submit
    await asyncio.gather(*futures)
  File "/om2/user/nlo/miniconda/envs/pydra/lib/python3.7/site-packages/pydra/engine/workers.py", line 295, in _submit_job
    done = await self._poll_job(jobid)
  File "/om2/user/nlo/miniconda/envs/pydra/lib/python3.7/site-packages/pydra/engine/workers.py", line 320, in _poll_job
    status = await self._verify_exit_code(jobid)
  File "/om2/user/nlo/miniconda/envs/pydra/lib/python3.7/site-packages/pydra/engine/workers.py", line 345, in _verify_exit_code
    raise Exception(error_message)
Exception: RuntimeError: ('\x1b[33mWARNING:\x1b[0m seccomp requested but not enabled, seccomp library is missing or too old\n/usr/local/miniconda/lib/python3.7/site-packages/bids/layout/validation.py:46: UserWarning: The ability to pass arguments to BIDSLayout that control indexing is likely to be removed in future; possibly as early as PyBIDS 0.14. This includes the `config_filename`, `ignore`, `force_index`, and `index_metadata` arguments. The recommended usage pattern is to initialize a new BIDSLayoutIndexer with these arguments, and pass it to the BIDSLayout via the `indexer` argument.\n  warnings.warn("The ability to pass arguments to BIDSLayout that control "\nYou are using fMRIPrep-20.2.0, and a newer version of fMRIPrep is available: 20.2.1.\nPlease check out our documentation about how and when to upgrade:\nhttps://fmriprep.readthedocs.io/en/latest/faq.html#upgrading\nTraceback (most recent call last):\n  File "/usr/local/miniconda/lib/python3.7/site-packages/fmriprep/cli/run.py", line 93, in main\n    fmriprep_wf.run(**config.nipype.get_plugin())\n  File "/usr/local/miniconda/lib/python3.7/site-packages/nipype/pipeline/engine/workflows.py", line 632, in run\n    runner.run(execgraph, updatehash=updatehash, config=self.config)\n  File "/usr/local/miniconda/lib/python3.7/site-packages/nipype/pipeline/plugins/base.py", line 192, in run\n    report_nodes_not_run(notrun)\n  File "/usr/local/miniconda/lib/python3.7/site-packages/nipype/pipeline/plugins/tools.py", line 98, in report_nodes_not_run\n    ("Workflow did not execute cleanly. " "Check log for details")\nRuntimeError: Workflow did not execute cleanly. Check log for details\n\nDuring handling of the above exception, another exception occurred:\n\nTraceback (most recent call last):\n  File "/usr/local/miniconda/lib/python3.7/site-packages/fmriprep/cli/run.py", line 108, in main\n    process_crashfile(crashfile)\n  File "/usr/local/miniconda/lib/python3.7/site-packages/fmriprep/utils/sentry.py", line 63, in process_crashfile\n    crash_info = read_crashfile(str(crashfile))\n  File "/usr/local/miniconda/lib/python3.7/site-packages/niworkflows/utils/misc.py", line 118, in read_crashfile\n    return _read_txt(path)\n  File "/usr/local/miniconda/lib/python3.7/site-packages/niworkflows/utils/misc.py", line 175, in _read_txt\n    cur_key, cur_val = tuple(line.split(" = ", 1))\nValueError: not enough values to unpack (expected 2, got 1)\n\nDuring handling of the above exception, another exception occurred:\n\nTraceback (most recent call last):\n  File "/usr/local/miniconda/bin/fmriprep", line 10, in <module>\n    sys.exit(main())\n  File "/usr/local/miniconda/lib/python3.7/site-packages/fmriprep/cli/run.py", line 164, in main\n    packagename="fmriprep",\n  File "/usr/local/miniconda/lib/python3.7/site-packages/niworkflows/reports/core.py", line 533, in generate_reports\n    for subject_label in subject_list\n  File "/usr/local/miniconda/lib/python3.7/site-packages/niworkflows/reports/core.py", line 533, in <listcomp>\n    for subject_label in subject_list\n  File "/usr/local/miniconda/lib/python3.7/site-packages/niworkflows/reports/core.py", line 513, in run_reports\n    reportlets_dir=reportlets_dir,\n  File "/usr/local/miniconda/lib/python3.7/site-packages/niworkflows/reports/core.py", line 271, in __init__\n    self._load_config(Path(config or pkgrf("niworkflows", "reports/default.yml")))\n  File "/usr/local/miniconda/lib/python3.7/site-packages/niworkflows/reports/core.py", line 290, in _load_config\n    self.index(settings["sections"])\n  File "/usr/local/miniconda/lib/python3.7/site-packages/niworkflows/reports/core.py", line 358, in index\n    self.errors = [read_crashfile(str(f)) for f in error_dir.glob("crash*.*")]\n  File "/usr/local/miniconda/lib/python3.7/site-packages/niworkflows/reports/core.py", line 358, in <listcomp>\n    self.errors = [read_crashfile(str(f)) for f in error_dir.glob("crash*.*")]\n  File "/usr/local/miniconda/lib/python3.7/site-packages/niworkflows/utils/misc.py", line 118, in read_crashfile\n    return _read_txt(path)\n  File "/usr/local/miniconda/lib/python3.7/site-packages/niworkflows/utils/misc.py", line 175, in _read_txt\n    cur_key, cur_val = tuple(line.split(" = ", 1))\nValueError: not enough values to unpack (expected 2, got 1)\nSentry is attempting to send 0 pending error messages\nWaiting up to 2 seconds\nPress Ctrl-C to quit\n', ' full crash report is here: /rdma/vast-rdma/scratch/Thu/nlo/pydra-cache/abide2/KUL_3/SingularityTask_2978b62fb209e9f0d46e9bdc549e5c78cc531a00d02d07928ed4628bf01b822b/_error.pklz')
