A newer version (0.12.1) of nipype/pydra is available. You are using 0.12+17.gd5d6236
Pydra version:  0.12+17.gd5d6236
python -u /om2/scratch/Thu/nlo/scripts/pipeline/fmriprep-loop-task.py
SUBJECTS = ['sub-28675', 'sub-28676', 'sub-28677', 'sub-28678', 'sub-28679', 'sub-28680', 'sub-28681', 'sub-28682', 'sub-28683', 'sub-28684', 'sub-28685', 'sub-28686', 'sub-28687', 'sub-28688', 'sub-28689', 'sub-28690', 'sub-28691', 'sub-28692', 'sub-28693', 'sub-28694', 'sub-28695', 'sub-28696', 'sub-28697', 'sub-28698', 'sub-28699', 'sub-28700', 'sub-28701', 'sub-28702', 'sub-28703', 'sub-28704', 'sub-28705', 'sub-28706', 'sub-28707', 'sub-28708', 'sub-28709', 'sub-28710', 'sub-28711', 'sub-28712', 'sub-28713', 'sub-28714', 'sub-28715', 'sub-28716', 'sub-28717', 'sub-28718', 'sub-28719', 'sub-28720', 'sub-28721', 'sub-28722', 'sub-28723', 'sub-28724', 'sub-28725', 'sub-28726', 'sub-28727', 'sub-28728', 'sub-28729', 'sub-28730', 'sub-28731', 'sub-28732', 'sub-28733']
Sample command:
['fmriprep', '/BASE/abide2/ONRC_2', '/BASE/abide2/ONRC_2/derivatives', 'participant', '--participant_label', 'sub-28675', '--nprocs', '2', '--output-space', 'fsaverage6', '--use-aroma', '--skip-bids-validation', '--mem_mb', '7500', '--fs-license-file', '/BASE/freesurfer_license.txt', '--fs-subjects-dir', '/BASE/abide2/ONRC_2/derivatives/freesurfer', '--ignore', 'slicetiming', '--cifti-output', '-w', '/BASE/fmriprep-workdir/abide2/ONRC_2/sub-28675']
A newer version (0.12.1) of nipype/pydra is available. You are using 0.12+17.gd5d6236

SingularityTask inputs:
Inputs(executable=[['fmriprep', '/BASE/abide2/ONRC_2', '/BASE/abide2/ONRC_2/derivatives', 'participant', '--participant_label', 'sub-28675', '--nprocs', '2', '--output-space', 'fsaverage6', '--use-aroma', '--skip-bids-validation', '--mem_mb', '7500', '--fs-license-file', '/BASE/freesurfer_license.txt', '--fs-subjects-dir', '/BASE/abide2/ONRC_2/derivatives/freesurfer', '--ignore', 'slicetiming', '--cifti-output', '-w', '/BASE/fmriprep-workdir/abide2/ONRC_2/sub-28675'], ['fmriprep', '/BASE/abide2/ONRC_2', '/BASE/abide2/ONRC_2/derivatives', 'participant', '--participant_label', 'sub-28676', '--nprocs', '2', '--output-space', 'fsaverage6', '--use-aroma', '--skip-bids-validation', '--mem_mb', '7500', '--fs-license-file', '/BASE/freesurfer_license.txt', '--fs-subjects-dir', '/BASE/abide2/ONRC_2/derivatives/freesurfer', '--ignore', 'slicetiming', '--cifti-output', '-w', '/BASE/fmriprep-workdir/abide2/ONRC_2/sub-28676'], ['fmriprep', '/BASE/abide2/ONRC_2', '/BASE/abide2/ONRC_2/derivatives', 'participant', '--participant_label', 'sub-28677', '--nprocs', '2', '--output-space', 'fsaverage6', '--use-aroma', '--skip-bids-validation', '--mem_mb', '7500', '--fs-license-file', '/BASE/freesurfer_license.txt', '--fs-subjects-dir', '/BASE/abide2/ONRC_2/derivatives/freesurfer', '--ignore', 'slicetiming', '--cifti-output', '-w', '/BASE/fmriprep-workdir/abide2/ONRC_2/sub-28677'], ['fmriprep', '/BASE/abide2/ONRC_2', '/BASE/abide2/ONRC_2/derivatives', 'participant', '--participant_label', 'sub-28678', '--nprocs', '2', '--output-space', 'fsaverage6', '--use-aroma', '--skip-bids-validation', '--mem_mb', '7500', '--fs-license-file', '/BASE/freesurfer_license.txt', '--fs-subjects-dir', '/BASE/abide2/ONRC_2/derivatives/freesurfer', '--ignore', 'slicetiming', '--cifti-output', '-w', '/BASE/fmriprep-workdir/abide2/ONRC_2/sub-28678'], ['fmriprep', '/BASE/abide2/ONRC_2', '/BASE/abide2/ONRC_2/derivatives', 'participant', '--participant_label', 'sub-28679', '--nprocs', '2', '--output-space', 'fsaverage6', '--use-aroma', '--skip-bids-validation', '--mem_mb', '7500', '--fs-license-file', '/BASE/freesurfer_license.txt', '--fs-subjects-dir', '/BASE/abide2/ONRC_2/derivatives/freesurfer', '--ignore', 'slicetiming', '--cifti-output', '-w', '/BASE/fmriprep-workdir/abide2/ONRC_2/sub-28679'], ['fmriprep', '/BASE/abide2/ONRC_2', '/BASE/abide2/ONRC_2/derivatives', 'participant', '--participant_label', 'sub-28680', '--nprocs', '2', '--output-space', 'fsaverage6', '--use-aroma', '--skip-bids-validation', '--mem_mb', '7500', '--fs-license-file', '/BASE/freesurfer_license.txt', '--fs-subjects-dir', '/BASE/abide2/ONRC_2/derivatives/freesurfer', '--ignore', 'slicetiming', '--cifti-output', '-w', '/BASE/fmriprep-workdir/abide2/ONRC_2/sub-28680'], ['fmriprep', '/BASE/abide2/ONRC_2', '/BASE/abide2/ONRC_2/derivatives', 'participant', '--participant_label', 'sub-28681', '--nprocs', '2', '--output-space', 'fsaverage6', '--use-aroma', '--skip-bids-validation', '--mem_mb', '7500', '--fs-license-file', '/BASE/freesurfer_license.txt', '--fs-subjects-dir', '/BASE/abide2/ONRC_2/derivatives/freesurfer', '--ignore', 'slicetiming', '--cifti-output', '-w', '/BASE/fmriprep-workdir/abide2/ONRC_2/sub-28681'], ['fmriprep', '/BASE/abide2/ONRC_2', '/BASE/abide2/ONRC_2/derivatives', 'participant', '--participant_label', 'sub-28682', '--nprocs', '2', '--output-space', 'fsaverage6', '--use-aroma', '--skip-bids-validation', '--mem_mb', '7500', '--fs-license-file', '/BASE/freesurfer_license.txt', '--fs-subjects-dir', '/BASE/abide2/ONRC_2/derivatives/freesurfer', '--ignore', 'slicetiming', '--cifti-output', '-w', '/BASE/fmriprep-workdir/abide2/ONRC_2/sub-28682'], ['fmriprep', '/BASE/abide2/ONRC_2', '/BASE/abide2/ONRC_2/derivatives', 'participant', '--participant_label', 'sub-28683', '--nprocs', '2', '--output-space', 'fsaverage6', '--use-aroma', '--skip-bids-validation', '--mem_mb', '7500', '--fs-license-file', '/BASE/freesurfer_license.txt', '--fs-subjects-dir', '/BASE/abide2/ONRC_2/derivatives/freesurfer', '--ignore', 'slicetiming', '--cifti-output', '-w', '/BASE/fmriprep-workdir/abide2/ONRC_2/sub-28683'], ['fmriprep', '/BASE/abide2/ONRC_2', '/BASE/abide2/ONRC_2/derivatives', 'participant', '--participant_label', 'sub-28684', '--nprocs', '2', '--output-space', 'fsaverage6', '--use-aroma', '--skip-bids-validation', '--mem_mb', '7500', '--fs-license-file', '/BASE/freesurfer_license.txt', '--fs-subjects-dir', '/BASE/abide2/ONRC_2/derivatives/freesurfer', '--ignore', 'slicetiming', '--cifti-output', '-w', '/BASE/fmriprep-workdir/abide2/ONRC_2/sub-28684'], ['fmriprep', '/BASE/abide2/ONRC_2', '/BASE/abide2/ONRC_2/derivatives', 'participant', '--participant_label', 'sub-28685', '--nprocs', '2', '--output-space', 'fsaverage6', '--use-aroma', '--skip-bids-validation', '--mem_mb', '7500', '--fs-license-file', '/BASE/freesurfer_license.txt', '--fs-subjects-dir', '/BASE/abide2/ONRC_2/derivatives/freesurfer', '--ignore', 'slicetiming', '--cifti-output', '-w', '/BASE/fmriprep-workdir/abide2/ONRC_2/sub-28685'], ['fmriprep', '/BASE/abide2/ONRC_2', '/BASE/abide2/ONRC_2/derivatives', 'participant', '--participant_label', 'sub-28686', '--nprocs', '2', '--output-space', 'fsaverage6', '--use-aroma', '--skip-bids-validation', '--mem_mb', '7500', '--fs-license-file', '/BASE/freesurfer_license.txt', '--fs-subjects-dir', '/BASE/abide2/ONRC_2/derivatives/freesurfer', '--ignore', 'slicetiming', '--cifti-output', '-w', '/BASE/fmriprep-workdir/abide2/ONRC_2/sub-28686'], ['fmriprep', '/BASE/abide2/ONRC_2', '/BASE/abide2/ONRC_2/derivatives', 'participant', '--participant_label', 'sub-28687', '--nprocs', '2', '--output-space', 'fsaverage6', '--use-aroma', '--skip-bids-validation', '--mem_mb', '7500', '--fs-license-file', '/BASE/freesurfer_license.txt', '--fs-subjects-dir', '/BASE/abide2/ONRC_2/derivatives/freesurfer', '--ignore', 'slicetiming', '--cifti-output', '-w', '/BASE/fmriprep-workdir/abide2/ONRC_2/sub-28687'], ['fmriprep', '/BASE/abide2/ONRC_2', '/BASE/abide2/ONRC_2/derivatives', 'participant', '--participant_label', 'sub-28688', '--nprocs', '2', '--output-space', 'fsaverage6', '--use-aroma', '--skip-bids-validation', '--mem_mb', '7500', '--fs-license-file', '/BASE/freesurfer_license.txt', '--fs-subjects-dir', '/BASE/abide2/ONRC_2/derivatives/freesurfer', '--ignore', 'slicetiming', '--cifti-output', '-w', '/BASE/fmriprep-workdir/abide2/ONRC_2/sub-28688'], ['fmriprep', '/BASE/abide2/ONRC_2', '/BASE/abide2/ONRC_2/derivatives', 'participant', '--participant_label', 'sub-28689', '--nprocs', '2', '--output-space', 'fsaverage6', '--use-aroma', '--skip-bids-validation', '--mem_mb', '7500', '--fs-license-file', '/BASE/freesurfer_license.txt', '--fs-subjects-dir', '/BASE/abide2/ONRC_2/derivatives/freesurfer', '--ignore', 'slicetiming', '--cifti-output', '-w', '/BASE/fmriprep-workdir/abide2/ONRC_2/sub-28689'], ['fmriprep', '/BASE/abide2/ONRC_2', '/BASE/abide2/ONRC_2/derivatives', 'participant', '--participant_label', 'sub-28690', '--nprocs', '2', '--output-space', 'fsaverage6', '--use-aroma', '--skip-bids-validation', '--mem_mb', '7500', '--fs-license-file', '/BASE/freesurfer_license.txt', '--fs-subjects-dir', '/BASE/abide2/ONRC_2/derivatives/freesurfer', '--ignore', 'slicetiming', '--cifti-output', '-w', '/BASE/fmriprep-workdir/abide2/ONRC_2/sub-28690'], ['fmriprep', '/BASE/abide2/ONRC_2', '/BASE/abide2/ONRC_2/derivatives', 'participant', '--participant_label', 'sub-28691', '--nprocs', '2', '--output-space', 'fsaverage6', '--use-aroma', '--skip-bids-validation', '--mem_mb', '7500', '--fs-license-file', '/BASE/freesurfer_license.txt', '--fs-subjects-dir', '/BASE/abide2/ONRC_2/derivatives/freesurfer', '--ignore', 'slicetiming', '--cifti-output', '-w', '/BASE/fmriprep-workdir/abide2/ONRC_2/sub-28691'], ['fmriprep', '/BASE/abide2/ONRC_2', '/BASE/abide2/ONRC_2/derivatives', 'participant', '--participant_label', 'sub-28692', '--nprocs', '2', '--output-space', 'fsaverage6', '--use-aroma', '--skip-bids-validation', '--mem_mb', '7500', '--fs-license-file', '/BASE/freesurfer_license.txt', '--fs-subjects-dir', '/BASE/abide2/ONRC_2/derivatives/freesurfer', '--ignore', 'slicetiming', '--cifti-output', '-w', '/BASE/fmriprep-workdir/abide2/ONRC_2/sub-28692'], ['fmriprep', '/BASE/abide2/ONRC_2', '/BASE/abide2/ONRC_2/derivatives', 'participant', '--participant_label', 'sub-28693', '--nprocs', '2', '--output-space', 'fsaverage6', '--use-aroma', '--skip-bids-validation', '--mem_mb', '7500', '--fs-license-file', '/BASE/freesurfer_license.txt', '--fs-subjects-dir', '/BASE/abide2/ONRC_2/derivatives/freesurfer', '--ignore', 'slicetiming', '--cifti-output', '-w', '/BASE/fmriprep-workdir/abide2/ONRC_2/sub-28693'], ['fmriprep', '/BASE/abide2/ONRC_2', '/BASE/abide2/ONRC_2/derivatives', 'participant', '--participant_label', 'sub-28694', '--nprocs', '2', '--output-space', 'fsaverage6', '--use-aroma', '--skip-bids-validation', '--mem_mb', '7500', '--fs-license-file', '/BASE/freesurfer_license.txt', '--fs-subjects-dir', '/BASE/abide2/ONRC_2/derivatives/freesurfer', '--ignore', 'slicetiming', '--cifti-output', '-w', '/BASE/fmriprep-workdir/abide2/ONRC_2/sub-28694'], ['fmriprep', '/BASE/abide2/ONRC_2', '/BASE/abide2/ONRC_2/derivatives', 'participant', '--participant_label', 'sub-28695', '--nprocs', '2', '--output-space', 'fsaverage6', '--use-aroma', '--skip-bids-validation', '--mem_mb', '7500', '--fs-license-file', '/BASE/freesurfer_license.txt', '--fs-subjects-dir', '/BASE/abide2/ONRC_2/derivatives/freesurfer', '--ignore', 'slicetiming', '--cifti-output', '-w', '/BASE/fmriprep-workdir/abide2/ONRC_2/sub-28695'], ['fmriprep', '/BASE/abide2/ONRC_2', '/BASE/abide2/ONRC_2/derivatives', 'participant', '--participant_label', 'sub-28696', '--nprocs', '2', '--output-space', 'fsaverage6', '--use-aroma', '--skip-bids-validation', '--mem_mb', '7500', '--fs-license-file', '/BASE/freesurfer_license.txt', '--fs-subjects-dir', '/BASE/abide2/ONRC_2/derivatives/freesurfer', '--ignore', 'slicetiming', '--cifti-output', '-w', '/BASE/fmriprep-workdir/abide2/ONRC_2/sub-28696'], ['fmriprep', '/BASE/abide2/ONRC_2', '/BASE/abide2/ONRC_2/derivatives', 'participant', '--participant_label', 'sub-28697', '--nprocs', '2', '--output-space', 'fsaverage6', '--use-aroma', '--skip-bids-validation', '--mem_mb', '7500', '--fs-license-file', '/BASE/freesurfer_license.txt', '--fs-subjects-dir', '/BASE/abide2/ONRC_2/derivatives/freesurfer', '--ignore', 'slicetiming', '--cifti-output', '-w', '/BASE/fmriprep-workdir/abide2/ONRC_2/sub-28697'], ['fmriprep', '/BASE/abide2/ONRC_2', '/BASE/abide2/ONRC_2/derivatives', 'participant', '--participant_label', 'sub-28698', '--nprocs', '2', '--output-space', 'fsaverage6', '--use-aroma', '--skip-bids-validation', '--mem_mb', '7500', '--fs-license-file', '/BASE/freesurfer_license.txt', '--fs-subjects-dir', '/BASE/abide2/ONRC_2/derivatives/freesurfer', '--ignore', 'slicetiming', '--cifti-output', '-w', '/BASE/fmriprep-workdir/abide2/ONRC_2/sub-28698'], ['fmriprep', '/BASE/abide2/ONRC_2', '/BASE/abide2/ONRC_2/derivatives', 'participant', '--participant_label', 'sub-28699', '--nprocs', '2', '--output-space', 'fsaverage6', '--use-aroma', '--skip-bids-validation', '--mem_mb', '7500', '--fs-license-file', '/BASE/freesurfer_license.txt', '--fs-subjects-dir', '/BASE/abide2/ONRC_2/derivatives/freesurfer', '--ignore', 'slicetiming', '--cifti-output', '-w', '/BASE/fmriprep-workdir/abide2/ONRC_2/sub-28699'], ['fmriprep', '/BASE/abide2/ONRC_2', '/BASE/abide2/ONRC_2/derivatives', 'participant', '--participant_label', 'sub-28700', '--nprocs', '2', '--output-space', 'fsaverage6', '--use-aroma', '--skip-bids-validation', '--mem_mb', '7500', '--fs-license-file', '/BASE/freesurfer_license.txt', '--fs-subjects-dir', '/BASE/abide2/ONRC_2/derivatives/freesurfer', '--ignore', 'slicetiming', '--cifti-output', '-w', '/BASE/fmriprep-workdir/abide2/ONRC_2/sub-28700'], ['fmriprep', '/BASE/abide2/ONRC_2', '/BASE/abide2/ONRC_2/derivatives', 'participant', '--participant_label', 'sub-28701', '--nprocs', '2', '--output-space', 'fsaverage6', '--use-aroma', '--skip-bids-validation', '--mem_mb', '7500', '--fs-license-file', '/BASE/freesurfer_license.txt', '--fs-subjects-dir', '/BASE/abide2/ONRC_2/derivatives/freesurfer', '--ignore', 'slicetiming', '--cifti-output', '-w', '/BASE/fmriprep-workdir/abide2/ONRC_2/sub-28701'], ['fmriprep', '/BASE/abide2/ONRC_2', '/BASE/abide2/ONRC_2/derivatives', 'participant', '--participant_label', 'sub-28702', '--nprocs', '2', '--output-space', 'fsaverage6', '--use-aroma', '--skip-bids-validation', '--mem_mb', '7500', '--fs-license-file', '/BASE/freesurfer_license.txt', '--fs-subjects-dir', '/BASE/abide2/ONRC_2/derivatives/freesurfer', '--ignore', 'slicetiming', '--cifti-output', '-w', '/BASE/fmriprep-workdir/abide2/ONRC_2/sub-28702'], ['fmriprep', '/BASE/abide2/ONRC_2', '/BASE/abide2/ONRC_2/derivatives', 'participant', '--participant_label', 'sub-28703', '--nprocs', '2', '--output-space', 'fsaverage6', '--use-aroma', '--skip-bids-validation', '--mem_mb', '7500', '--fs-license-file', '/BASE/freesurfer_license.txt', '--fs-subjects-dir', '/BASE/abide2/ONRC_2/derivatives/freesurfer', '--ignore', 'slicetiming', '--cifti-output', '-w', '/BASE/fmriprep-workdir/abide2/ONRC_2/sub-28703'], ['fmriprep', '/BASE/abide2/ONRC_2', '/BASE/abide2/ONRC_2/derivatives', 'participant', '--participant_label', 'sub-28704', '--nprocs', '2', '--output-space', 'fsaverage6', '--use-aroma', '--skip-bids-validation', '--mem_mb', '7500', '--fs-license-file', '/BASE/freesurfer_license.txt', '--fs-subjects-dir', '/BASE/abide2/ONRC_2/derivatives/freesurfer', '--ignore', 'slicetiming', '--cifti-output', '-w', '/BASE/fmriprep-workdir/abide2/ONRC_2/sub-28704'], ['fmriprep', '/BASE/abide2/ONRC_2', '/BASE/abide2/ONRC_2/derivatives', 'participant', '--participant_label', 'sub-28705', '--nprocs', '2', '--output-space', 'fsaverage6', '--use-aroma', '--skip-bids-validation', '--mem_mb', '7500', '--fs-license-file', '/BASE/freesurfer_license.txt', '--fs-subjects-dir', '/BASE/abide2/ONRC_2/derivatives/freesurfer', '--ignore', 'slicetiming', '--cifti-output', '-w', '/BASE/fmriprep-workdir/abide2/ONRC_2/sub-28705'], ['fmriprep', '/BASE/abide2/ONRC_2', '/BASE/abide2/ONRC_2/derivatives', 'participant', '--participant_label', 'sub-28706', '--nprocs', '2', '--output-space', 'fsaverage6', '--use-aroma', '--skip-bids-validation', '--mem_mb', '7500', '--fs-license-file', '/BASE/freesurfer_license.txt', '--fs-subjects-dir', '/BASE/abide2/ONRC_2/derivatives/freesurfer', '--ignore', 'slicetiming', '--cifti-output', '-w', '/BASE/fmriprep-workdir/abide2/ONRC_2/sub-28706'], ['fmriprep', '/BASE/abide2/ONRC_2', '/BASE/abide2/ONRC_2/derivatives', 'participant', '--participant_label', 'sub-28707', '--nprocs', '2', '--output-space', 'fsaverage6', '--use-aroma', '--skip-bids-validation', '--mem_mb', '7500', '--fs-license-file', '/BASE/freesurfer_license.txt', '--fs-subjects-dir', '/BASE/abide2/ONRC_2/derivatives/freesurfer', '--ignore', 'slicetiming', '--cifti-output', '-w', '/BASE/fmriprep-workdir/abide2/ONRC_2/sub-28707'], ['fmriprep', '/BASE/abide2/ONRC_2', '/BASE/abide2/ONRC_2/derivatives', 'participant', '--participant_label', 'sub-28708', '--nprocs', '2', '--output-space', 'fsaverage6', '--use-aroma', '--skip-bids-validation', '--mem_mb', '7500', '--fs-license-file', '/BASE/freesurfer_license.txt', '--fs-subjects-dir', '/BASE/abide2/ONRC_2/derivatives/freesurfer', '--ignore', 'slicetiming', '--cifti-output', '-w', '/BASE/fmriprep-workdir/abide2/ONRC_2/sub-28708'], ['fmriprep', '/BASE/abide2/ONRC_2', '/BASE/abide2/ONRC_2/derivatives', 'participant', '--participant_label', 'sub-28709', '--nprocs', '2', '--output-space', 'fsaverage6', '--use-aroma', '--skip-bids-validation', '--mem_mb', '7500', '--fs-license-file', '/BASE/freesurfer_license.txt', '--fs-subjects-dir', '/BASE/abide2/ONRC_2/derivatives/freesurfer', '--ignore', 'slicetiming', '--cifti-output', '-w', '/BASE/fmriprep-workdir/abide2/ONRC_2/sub-28709'], ['fmriprep', '/BASE/abide2/ONRC_2', '/BASE/abide2/ONRC_2/derivatives', 'participant', '--participant_label', 'sub-28710', '--nprocs', '2', '--output-space', 'fsaverage6', '--use-aroma', '--skip-bids-validation', '--mem_mb', '7500', '--fs-license-file', '/BASE/freesurfer_license.txt', '--fs-subjects-dir', '/BASE/abide2/ONRC_2/derivatives/freesurfer', '--ignore', 'slicetiming', '--cifti-output', '-w', '/BASE/fmriprep-workdir/abide2/ONRC_2/sub-28710'], ['fmriprep', '/BASE/abide2/ONRC_2', '/BASE/abide2/ONRC_2/derivatives', 'participant', '--participant_label', 'sub-28711', '--nprocs', '2', '--output-space', 'fsaverage6', '--use-aroma', '--skip-bids-validation', '--mem_mb', '7500', '--fs-license-file', '/BASE/freesurfer_license.txt', '--fs-subjects-dir', '/BASE/abide2/ONRC_2/derivatives/freesurfer', '--ignore', 'slicetiming', '--cifti-output', '-w', '/BASE/fmriprep-workdir/abide2/ONRC_2/sub-28711'], ['fmriprep', '/BASE/abide2/ONRC_2', '/BASE/abide2/ONRC_2/derivatives', 'participant', '--participant_label', 'sub-28712', '--nprocs', '2', '--output-space', 'fsaverage6', '--use-aroma', '--skip-bids-validation', '--mem_mb', '7500', '--fs-license-file', '/BASE/freesurfer_license.txt', '--fs-subjects-dir', '/BASE/abide2/ONRC_2/derivatives/freesurfer', '--ignore', 'slicetiming', '--cifti-output', '-w', '/BASE/fmriprep-workdir/abide2/ONRC_2/sub-28712'], ['fmriprep', '/BASE/abide2/ONRC_2', '/BASE/abide2/ONRC_2/derivatives', 'participant', '--participant_label', 'sub-28713', '--nprocs', '2', '--output-space', 'fsaverage6', '--use-aroma', '--skip-bids-validation', '--mem_mb', '7500', '--fs-license-file', '/BASE/freesurfer_license.txt', '--fs-subjects-dir', '/BASE/abide2/ONRC_2/derivatives/freesurfer', '--ignore', 'slicetiming', '--cifti-output', '-w', '/BASE/fmriprep-workdir/abide2/ONRC_2/sub-28713'], ['fmriprep', '/BASE/abide2/ONRC_2', '/BASE/abide2/ONRC_2/derivatives', 'participant', '--participant_label', 'sub-28714', '--nprocs', '2', '--output-space', 'fsaverage6', '--use-aroma', '--skip-bids-validation', '--mem_mb', '7500', '--fs-license-file', '/BASE/freesurfer_license.txt', '--fs-subjects-dir', '/BASE/abide2/ONRC_2/derivatives/freesurfer', '--ignore', 'slicetiming', '--cifti-output', '-w', '/BASE/fmriprep-workdir/abide2/ONRC_2/sub-28714'], ['fmriprep', '/BASE/abide2/ONRC_2', '/BASE/abide2/ONRC_2/derivatives', 'participant', '--participant_label', 'sub-28715', '--nprocs', '2', '--output-space', 'fsaverage6', '--use-aroma', '--skip-bids-validation', '--mem_mb', '7500', '--fs-license-file', '/BASE/freesurfer_license.txt', '--fs-subjects-dir', '/BASE/abide2/ONRC_2/derivatives/freesurfer', '--ignore', 'slicetiming', '--cifti-output', '-w', '/BASE/fmriprep-workdir/abide2/ONRC_2/sub-28715'], ['fmriprep', '/BASE/abide2/ONRC_2', '/BASE/abide2/ONRC_2/derivatives', 'participant', '--participant_label', 'sub-28716', '--nprocs', '2', '--output-space', 'fsaverage6', '--use-aroma', '--skip-bids-validation', '--mem_mb', '7500', '--fs-license-file', '/BASE/freesurfer_license.txt', '--fs-subjects-dir', '/BASE/abide2/ONRC_2/derivatives/freesurfer', '--ignore', 'slicetiming', '--cifti-output', '-w', '/BASE/fmriprep-workdir/abide2/ONRC_2/sub-28716'], ['fmriprep', '/BASE/abide2/ONRC_2', '/BASE/abide2/ONRC_2/derivatives', 'participant', '--participant_label', 'sub-28717', '--nprocs', '2', '--output-space', 'fsaverage6', '--use-aroma', '--skip-bids-validation', '--mem_mb', '7500', '--fs-license-file', '/BASE/freesurfer_license.txt', '--fs-subjects-dir', '/BASE/abide2/ONRC_2/derivatives/freesurfer', '--ignore', 'slicetiming', '--cifti-output', '-w', '/BASE/fmriprep-workdir/abide2/ONRC_2/sub-28717'], ['fmriprep', '/BASE/abide2/ONRC_2', '/BASE/abide2/ONRC_2/derivatives', 'participant', '--participant_label', 'sub-28718', '--nprocs', '2', '--output-space', 'fsaverage6', '--use-aroma', '--skip-bids-validation', '--mem_mb', '7500', '--fs-license-file', '/BASE/freesurfer_license.txt', '--fs-subjects-dir', '/BASE/abide2/ONRC_2/derivatives/freesurfer', '--ignore', 'slicetiming', '--cifti-output', '-w', '/BASE/fmriprep-workdir/abide2/ONRC_2/sub-28718'], ['fmriprep', '/BASE/abide2/ONRC_2', '/BASE/abide2/ONRC_2/derivatives', 'participant', '--participant_label', 'sub-28719', '--nprocs', '2', '--output-space', 'fsaverage6', '--use-aroma', '--skip-bids-validation', '--mem_mb', '7500', '--fs-license-file', '/BASE/freesurfer_license.txt', '--fs-subjects-dir', '/BASE/abide2/ONRC_2/derivatives/freesurfer', '--ignore', 'slicetiming', '--cifti-output', '-w', '/BASE/fmriprep-workdir/abide2/ONRC_2/sub-28719'], ['fmriprep', '/BASE/abide2/ONRC_2', '/BASE/abide2/ONRC_2/derivatives', 'participant', '--participant_label', 'sub-28720', '--nprocs', '2', '--output-space', 'fsaverage6', '--use-aroma', '--skip-bids-validation', '--mem_mb', '7500', '--fs-license-file', '/BASE/freesurfer_license.txt', '--fs-subjects-dir', '/BASE/abide2/ONRC_2/derivatives/freesurfer', '--ignore', 'slicetiming', '--cifti-output', '-w', '/BASE/fmriprep-workdir/abide2/ONRC_2/sub-28720'], ['fmriprep', '/BASE/abide2/ONRC_2', '/BASE/abide2/ONRC_2/derivatives', 'participant', '--participant_label', 'sub-28721', '--nprocs', '2', '--output-space', 'fsaverage6', '--use-aroma', '--skip-bids-validation', '--mem_mb', '7500', '--fs-license-file', '/BASE/freesurfer_license.txt', '--fs-subjects-dir', '/BASE/abide2/ONRC_2/derivatives/freesurfer', '--ignore', 'slicetiming', '--cifti-output', '-w', '/BASE/fmriprep-workdir/abide2/ONRC_2/sub-28721'], ['fmriprep', '/BASE/abide2/ONRC_2', '/BASE/abide2/ONRC_2/derivatives', 'participant', '--participant_label', 'sub-28722', '--nprocs', '2', '--output-space', 'fsaverage6', '--use-aroma', '--skip-bids-validation', '--mem_mb', '7500', '--fs-license-file', '/BASE/freesurfer_license.txt', '--fs-subjects-dir', '/BASE/abide2/ONRC_2/derivatives/freesurfer', '--ignore', 'slicetiming', '--cifti-output', '-w', '/BASE/fmriprep-workdir/abide2/ONRC_2/sub-28722'], ['fmriprep', '/BASE/abide2/ONRC_2', '/BASE/abide2/ONRC_2/derivatives', 'participant', '--participant_label', 'sub-28723', '--nprocs', '2', '--output-space', 'fsaverage6', '--use-aroma', '--skip-bids-validation', '--mem_mb', '7500', '--fs-license-file', '/BASE/freesurfer_license.txt', '--fs-subjects-dir', '/BASE/abide2/ONRC_2/derivatives/freesurfer', '--ignore', 'slicetiming', '--cifti-output', '-w', '/BASE/fmriprep-workdir/abide2/ONRC_2/sub-28723'], ['fmriprep', '/BASE/abide2/ONRC_2', '/BASE/abide2/ONRC_2/derivatives', 'participant', '--participant_label', 'sub-28724', '--nprocs', '2', '--output-space', 'fsaverage6', '--use-aroma', '--skip-bids-validation', '--mem_mb', '7500', '--fs-license-file', '/BASE/freesurfer_license.txt', '--fs-subjects-dir', '/BASE/abide2/ONRC_2/derivatives/freesurfer', '--ignore', 'slicetiming', '--cifti-output', '-w', '/BASE/fmriprep-workdir/abide2/ONRC_2/sub-28724'], ['fmriprep', '/BASE/abide2/ONRC_2', '/BASE/abide2/ONRC_2/derivatives', 'participant', '--participant_label', 'sub-28725', '--nprocs', '2', '--output-space', 'fsaverage6', '--use-aroma', '--skip-bids-validation', '--mem_mb', '7500', '--fs-license-file', '/BASE/freesurfer_license.txt', '--fs-subjects-dir', '/BASE/abide2/ONRC_2/derivatives/freesurfer', '--ignore', 'slicetiming', '--cifti-output', '-w', '/BASE/fmriprep-workdir/abide2/ONRC_2/sub-28725'], ['fmriprep', '/BASE/abide2/ONRC_2', '/BASE/abide2/ONRC_2/derivatives', 'participant', '--participant_label', 'sub-28726', '--nprocs', '2', '--output-space', 'fsaverage6', '--use-aroma', '--skip-bids-validation', '--mem_mb', '7500', '--fs-license-file', '/BASE/freesurfer_license.txt', '--fs-subjects-dir', '/BASE/abide2/ONRC_2/derivatives/freesurfer', '--ignore', 'slicetiming', '--cifti-output', '-w', '/BASE/fmriprep-workdir/abide2/ONRC_2/sub-28726'], ['fmriprep', '/BASE/abide2/ONRC_2', '/BASE/abide2/ONRC_2/derivatives', 'participant', '--participant_label', 'sub-28727', '--nprocs', '2', '--output-space', 'fsaverage6', '--use-aroma', '--skip-bids-validation', '--mem_mb', '7500', '--fs-license-file', '/BASE/freesurfer_license.txt', '--fs-subjects-dir', '/BASE/abide2/ONRC_2/derivatives/freesurfer', '--ignore', 'slicetiming', '--cifti-output', '-w', '/BASE/fmriprep-workdir/abide2/ONRC_2/sub-28727'], ['fmriprep', '/BASE/abide2/ONRC_2', '/BASE/abide2/ONRC_2/derivatives', 'participant', '--participant_label', 'sub-28728', '--nprocs', '2', '--output-space', 'fsaverage6', '--use-aroma', '--skip-bids-validation', '--mem_mb', '7500', '--fs-license-file', '/BASE/freesurfer_license.txt', '--fs-subjects-dir', '/BASE/abide2/ONRC_2/derivatives/freesurfer', '--ignore', 'slicetiming', '--cifti-output', '-w', '/BASE/fmriprep-workdir/abide2/ONRC_2/sub-28728'], ['fmriprep', '/BASE/abide2/ONRC_2', '/BASE/abide2/ONRC_2/derivatives', 'participant', '--participant_label', 'sub-28729', '--nprocs', '2', '--output-space', 'fsaverage6', '--use-aroma', '--skip-bids-validation', '--mem_mb', '7500', '--fs-license-file', '/BASE/freesurfer_license.txt', '--fs-subjects-dir', '/BASE/abide2/ONRC_2/derivatives/freesurfer', '--ignore', 'slicetiming', '--cifti-output', '-w', '/BASE/fmriprep-workdir/abide2/ONRC_2/sub-28729'], ['fmriprep', '/BASE/abide2/ONRC_2', '/BASE/abide2/ONRC_2/derivatives', 'participant', '--participant_label', 'sub-28730', '--nprocs', '2', '--output-space', 'fsaverage6', '--use-aroma', '--skip-bids-validation', '--mem_mb', '7500', '--fs-license-file', '/BASE/freesurfer_license.txt', '--fs-subjects-dir', '/BASE/abide2/ONRC_2/derivatives/freesurfer', '--ignore', 'slicetiming', '--cifti-output', '-w', '/BASE/fmriprep-workdir/abide2/ONRC_2/sub-28730'], ['fmriprep', '/BASE/abide2/ONRC_2', '/BASE/abide2/ONRC_2/derivatives', 'participant', '--participant_label', 'sub-28731', '--nprocs', '2', '--output-space', 'fsaverage6', '--use-aroma', '--skip-bids-validation', '--mem_mb', '7500', '--fs-license-file', '/BASE/freesurfer_license.txt', '--fs-subjects-dir', '/BASE/abide2/ONRC_2/derivatives/freesurfer', '--ignore', 'slicetiming', '--cifti-output', '-w', '/BASE/fmriprep-workdir/abide2/ONRC_2/sub-28731'], ['fmriprep', '/BASE/abide2/ONRC_2', '/BASE/abide2/ONRC_2/derivatives', 'participant', '--participant_label', 'sub-28732', '--nprocs', '2', '--output-space', 'fsaverage6', '--use-aroma', '--skip-bids-validation', '--mem_mb', '7500', '--fs-license-file', '/BASE/freesurfer_license.txt', '--fs-subjects-dir', '/BASE/abide2/ONRC_2/derivatives/freesurfer', '--ignore', 'slicetiming', '--cifti-output', '-w', '/BASE/fmriprep-workdir/abide2/ONRC_2/sub-28732'], ['fmriprep', '/BASE/abide2/ONRC_2', '/BASE/abide2/ONRC_2/derivatives', 'participant', '--participant_label', 'sub-28733', '--nprocs', '2', '--output-space', 'fsaverage6', '--use-aroma', '--skip-bids-validation', '--mem_mb', '7500', '--fs-license-file', '/BASE/freesurfer_license.txt', '--fs-subjects-dir', '/BASE/abide2/ONRC_2/derivatives/freesurfer', '--ignore', 'slicetiming', '--cifti-output', '-w', '/BASE/fmriprep-workdir/abide2/ONRC_2/sub-28733']], args=None, image='/om4/group/gablab/data/singularity-images/fmriprep-20.2.0.sif', container_xargs=['--cleanenv'], bindings=[('/om2/scratch/Thu/nlo', '/BASE', 'rw')], container='singularity')

SingularityTask container_args:
[['singularity', 'exec', '--cleanenv', '-B', '/om2/scratch/Thu/nlo:/BASE:rw', '-B', '/rdma/vast-rdma/scratch/Thu/nlo/pydra-cache/abide2/ONRC_2/SingularityTask_fd260298f59693dd500b5e81117fb329e56f54766a2df66286971c6cb72f9de8:/output_pydra:rw', '--pwd', '/output_pydra', '/om4/group/gablab/data/singularity-images/fmriprep-20.2.0.sif'], ['singularity', 'exec', '--cleanenv', '-B', '/om2/scratch/Thu/nlo:/BASE:rw', '-B', '/rdma/vast-rdma/scratch/Thu/nlo/pydra-cache/abide2/ONRC_2/SingularityTask_2a9022bfdfe2e8e0537c727fe7ec5dfdfea95039eb3ccc73f9758628dd8b9612:/output_pydra:rw', '--pwd', '/output_pydra', '/om4/group/gablab/data/singularity-images/fmriprep-20.2.0.sif'], ['singularity', 'exec', '--cleanenv', '-B', '/om2/scratch/Thu/nlo:/BASE:rw', '-B', '/rdma/vast-rdma/scratch/Thu/nlo/pydra-cache/abide2/ONRC_2/SingularityTask_691d675285d28d85a7147e38fa94f1d61e75fd5c823d5700fbe7a5494113798a:/output_pydra:rw', '--pwd', '/output_pydra', '/om4/group/gablab/data/singularity-images/fmriprep-20.2.0.sif'], ['singularity', 'exec', '--cleanenv', '-B', '/om2/scratch/Thu/nlo:/BASE:rw', '-B', '/rdma/vast-rdma/scratch/Thu/nlo/pydra-cache/abide2/ONRC_2/SingularityTask_7ca6759ed88a7e69b9728af705dae5b98e58e6fb41d60c3ea12fd45c1416f1c7:/output_pydra:rw', '--pwd', '/output_pydra', '/om4/group/gablab/data/singularity-images/fmriprep-20.2.0.sif'], ['singularity', 'exec', '--cleanenv', '-B', '/om2/scratch/Thu/nlo:/BASE:rw', '-B', '/rdma/vast-rdma/scratch/Thu/nlo/pydra-cache/abide2/ONRC_2/SingularityTask_2a22428466f84b872303056c0f44271dd96e58b3d60724fee372f0603dcc1eb2:/output_pydra:rw', '--pwd', '/output_pydra', '/om4/group/gablab/data/singularity-images/fmriprep-20.2.0.sif'], ['singularity', 'exec', '--cleanenv', '-B', '/om2/scratch/Thu/nlo:/BASE:rw', '-B', '/rdma/vast-rdma/scratch/Thu/nlo/pydra-cache/abide2/ONRC_2/SingularityTask_b9e6fcb457f81c231727bc8777dd3e480652432023d59f87a6028e9ca176a03a:/output_pydra:rw', '--pwd', '/output_pydra', '/om4/group/gablab/data/singularity-images/fmriprep-20.2.0.sif'], ['singularity', 'exec', '--cleanenv', '-B', '/om2/scratch/Thu/nlo:/BASE:rw', '-B', '/rdma/vast-rdma/scratch/Thu/nlo/pydra-cache/abide2/ONRC_2/SingularityTask_565be3f65f844f151c369f265e77a5653ef1ea373c84f8bbe788b9a1cb657a75:/output_pydra:rw', '--pwd', '/output_pydra', '/om4/group/gablab/data/singularity-images/fmriprep-20.2.0.sif'], ['singularity', 'exec', '--cleanenv', '-B', '/om2/scratch/Thu/nlo:/BASE:rw', '-B', '/rdma/vast-rdma/scratch/Thu/nlo/pydra-cache/abide2/ONRC_2/SingularityTask_44179356b8068f2e811831fd63c7da8e2a4262f57b00d9f1729b9f47e86c6abf:/output_pydra:rw', '--pwd', '/output_pydra', '/om4/group/gablab/data/singularity-images/fmriprep-20.2.0.sif'], ['singularity', 'exec', '--cleanenv', '-B', '/om2/scratch/Thu/nlo:/BASE:rw', '-B', '/rdma/vast-rdma/scratch/Thu/nlo/pydra-cache/abide2/ONRC_2/SingularityTask_91ced454f9732b7e9631d3284ed7058de1ce0e11ff0588f2b9379c3fa4736c60:/output_pydra:rw', '--pwd', '/output_pydra', '/om4/group/gablab/data/singularity-images/fmriprep-20.2.0.sif'], ['singularity', 'exec', '--cleanenv', '-B', '/om2/scratch/Thu/nlo:/BASE:rw', '-B', '/rdma/vast-rdma/scratch/Thu/nlo/pydra-cache/abide2/ONRC_2/SingularityTask_ed48d885d083900c257c0b71f0af168b6aeec1a45a0090f5408a911eab0c4b18:/output_pydra:rw', '--pwd', '/output_pydra', '/om4/group/gablab/data/singularity-images/fmriprep-20.2.0.sif'], ['singularity', 'exec', '--cleanenv', '-B', '/om2/scratch/Thu/nlo:/BASE:rw', '-B', '/rdma/vast-rdma/scratch/Thu/nlo/pydra-cache/abide2/ONRC_2/SingularityTask_4fa7ab1cb2ff400c2ab230a0b29b6cd35a2385925df87ee568a185cbe481d1ab:/output_pydra:rw', '--pwd', '/output_pydra', '/om4/group/gablab/data/singularity-images/fmriprep-20.2.0.sif'], ['singularity', 'exec', '--cleanenv', '-B', '/om2/scratch/Thu/nlo:/BASE:rw', '-B', '/rdma/vast-rdma/scratch/Thu/nlo/pydra-cache/abide2/ONRC_2/SingularityTask_d3f4c41a63e010011e891979e204df6cdd5e97d524243d04a0584257cbb43c50:/output_pydra:rw', '--pwd', '/output_pydra', '/om4/group/gablab/data/singularity-images/fmriprep-20.2.0.sif'], ['singularity', 'exec', '--cleanenv', '-B', '/om2/scratch/Thu/nlo:/BASE:rw', '-B', '/rdma/vast-rdma/scratch/Thu/nlo/pydra-cache/abide2/ONRC_2/SingularityTask_2bb6698a677e918a49697fa5ac03ae6625d3ef6e70b971f87226c6d20433bed9:/output_pydra:rw', '--pwd', '/output_pydra', '/om4/group/gablab/data/singularity-images/fmriprep-20.2.0.sif'], ['singularity', 'exec', '--cleanenv', '-B', '/om2/scratch/Thu/nlo:/BASE:rw', '-B', '/rdma/vast-rdma/scratch/Thu/nlo/pydra-cache/abide2/ONRC_2/SingularityTask_46761be79e11ca8cb9c32579a545a24e282583f48f2774bc01c71c3a91ea23d5:/output_pydra:rw', '--pwd', '/output_pydra', '/om4/group/gablab/data/singularity-images/fmriprep-20.2.0.sif'], ['singularity', 'exec', '--cleanenv', '-B', '/om2/scratch/Thu/nlo:/BASE:rw', '-B', '/rdma/vast-rdma/scratch/Thu/nlo/pydra-cache/abide2/ONRC_2/SingularityTask_a227895d705cd42e94e784f6b2116803e051f5a5312688fc77741b49ed54654d:/output_pydra:rw', '--pwd', '/output_pydra', '/om4/group/gablab/data/singularity-images/fmriprep-20.2.0.sif'], ['singularity', 'exec', '--cleanenv', '-B', '/om2/scratch/Thu/nlo:/BASE:rw', '-B', '/rdma/vast-rdma/scratch/Thu/nlo/pydra-cache/abide2/ONRC_2/SingularityTask_548713d537325a6f542290d9ff30fc2f83458d00eeb5473d2de59760eafcbc70:/output_pydra:rw', '--pwd', '/output_pydra', '/om4/group/gablab/data/singularity-images/fmriprep-20.2.0.sif'], ['singularity', 'exec', '--cleanenv', '-B', '/om2/scratch/Thu/nlo:/BASE:rw', '-B', '/rdma/vast-rdma/scratch/Thu/nlo/pydra-cache/abide2/ONRC_2/SingularityTask_0cb9ee6b1beb206430f40a5da67f8d55c3392ff1888f4308455de7f6f2ed837b:/output_pydra:rw', '--pwd', '/output_pydra', '/om4/group/gablab/data/singularity-images/fmriprep-20.2.0.sif'], ['singularity', 'exec', '--cleanenv', '-B', '/om2/scratch/Thu/nlo:/BASE:rw', '-B', '/rdma/vast-rdma/scratch/Thu/nlo/pydra-cache/abide2/ONRC_2/SingularityTask_a0b70637a0ea1d196f596c8aaeb98bdb3c138c5b55bdfcbb861ecf8589ae864b:/output_pydra:rw', '--pwd', '/output_pydra', '/om4/group/gablab/data/singularity-images/fmriprep-20.2.0.sif'], ['singularity', 'exec', '--cleanenv', '-B', '/om2/scratch/Thu/nlo:/BASE:rw', '-B', '/rdma/vast-rdma/scratch/Thu/nlo/pydra-cache/abide2/ONRC_2/SingularityTask_d907fb87f65e031fdd4e170b526dab69ca6ffe12d5f309c8ce47d124a9bb82c9:/output_pydra:rw', '--pwd', '/output_pydra', '/om4/group/gablab/data/singularity-images/fmriprep-20.2.0.sif'], ['singularity', 'exec', '--cleanenv', '-B', '/om2/scratch/Thu/nlo:/BASE:rw', '-B', '/rdma/vast-rdma/scratch/Thu/nlo/pydra-cache/abide2/ONRC_2/SingularityTask_773966c833b935170153d43891994d70d116cf5825bd889f9b0f8ac5a57adf5e:/output_pydra:rw', '--pwd', '/output_pydra', '/om4/group/gablab/data/singularity-images/fmriprep-20.2.0.sif'], ['singularity', 'exec', '--cleanenv', '-B', '/om2/scratch/Thu/nlo:/BASE:rw', '-B', '/rdma/vast-rdma/scratch/Thu/nlo/pydra-cache/abide2/ONRC_2/SingularityTask_011c862d98998b5b71e0ff747f2e97bc972fdcce23148436bbe8aaf93e3980e7:/output_pydra:rw', '--pwd', '/output_pydra', '/om4/group/gablab/data/singularity-images/fmriprep-20.2.0.sif'], ['singularity', 'exec', '--cleanenv', '-B', '/om2/scratch/Thu/nlo:/BASE:rw', '-B', '/rdma/vast-rdma/scratch/Thu/nlo/pydra-cache/abide2/ONRC_2/SingularityTask_a18fbfd1d83ceb4042fb639d79780f24ca6e7e1f9ee5b3e34a61ce2eb3f19ec4:/output_pydra:rw', '--pwd', '/output_pydra', '/om4/group/gablab/data/singularity-images/fmriprep-20.2.0.sif'], ['singularity', 'exec', '--cleanenv', '-B', '/om2/scratch/Thu/nlo:/BASE:rw', '-B', '/rdma/vast-rdma/scratch/Thu/nlo/pydra-cache/abide2/ONRC_2/SingularityTask_d7b3fd23958385a4766e90b0fbf15c4eb01fc4b89aa4bf0aa852c7998bc540f6:/output_pydra:rw', '--pwd', '/output_pydra', '/om4/group/gablab/data/singularity-images/fmriprep-20.2.0.sif'], ['singularity', 'exec', '--cleanenv', '-B', '/om2/scratch/Thu/nlo:/BASE:rw', '-B', '/rdma/vast-rdma/scratch/Thu/nlo/pydra-cache/abide2/ONRC_2/SingularityTask_56667e47c8e3d0d34f81f262826f62df1e9a5e839cacc0e05d48826eee99853a:/output_pydra:rw', '--pwd', '/output_pydra', '/om4/group/gablab/data/singularity-images/fmriprep-20.2.0.sif'], ['singularity', 'exec', '--cleanenv', '-B', '/om2/scratch/Thu/nlo:/BASE:rw', '-B', '/rdma/vast-rdma/scratch/Thu/nlo/pydra-cache/abide2/ONRC_2/SingularityTask_be5f5073b7f08337a5382510699c4045430885e316a49c3545f4276d29d3fba3:/output_pydra:rw', '--pwd', '/output_pydra', '/om4/group/gablab/data/singularity-images/fmriprep-20.2.0.sif'], ['singularity', 'exec', '--cleanenv', '-B', '/om2/scratch/Thu/nlo:/BASE:rw', '-B', '/rdma/vast-rdma/scratch/Thu/nlo/pydra-cache/abide2/ONRC_2/SingularityTask_90d0abb184c578b8e2818b84793c50eb96526fbf651d58044aecc1363d871b0e:/output_pydra:rw', '--pwd', '/output_pydra', '/om4/group/gablab/data/singularity-images/fmriprep-20.2.0.sif'], ['singularity', 'exec', '--cleanenv', '-B', '/om2/scratch/Thu/nlo:/BASE:rw', '-B', '/rdma/vast-rdma/scratch/Thu/nlo/pydra-cache/abide2/ONRC_2/SingularityTask_b0bd68ea5d76e3f7c4c0d69abfd948ef965af211bd11c476555591f15d031db9:/output_pydra:rw', '--pwd', '/output_pydra', '/om4/group/gablab/data/singularity-images/fmriprep-20.2.0.sif'], ['singularity', 'exec', '--cleanenv', '-B', '/om2/scratch/Thu/nlo:/BASE:rw', '-B', '/rdma/vast-rdma/scratch/Thu/nlo/pydra-cache/abide2/ONRC_2/SingularityTask_a4557c4eb45b853ffe2079d8148c1587ff6200db1e3d5590ec9d8605a25021d7:/output_pydra:rw', '--pwd', '/output_pydra', '/om4/group/gablab/data/singularity-images/fmriprep-20.2.0.sif'], ['singularity', 'exec', '--cleanenv', '-B', '/om2/scratch/Thu/nlo:/BASE:rw', '-B', '/rdma/vast-rdma/scratch/Thu/nlo/pydra-cache/abide2/ONRC_2/SingularityTask_f8d27c2e031d95a493a7ac3357dbc3fdb8ed58c3fd08f834030d4de31a342604:/output_pydra:rw', '--pwd', '/output_pydra', '/om4/group/gablab/data/singularity-images/fmriprep-20.2.0.sif'], ['singularity', 'exec', '--cleanenv', '-B', '/om2/scratch/Thu/nlo:/BASE:rw', '-B', '/rdma/vast-rdma/scratch/Thu/nlo/pydra-cache/abide2/ONRC_2/SingularityTask_904cc26c762a2b388e7c19333c88695805d25369f2adfb7dbd33e424ec1e8138:/output_pydra:rw', '--pwd', '/output_pydra', '/om4/group/gablab/data/singularity-images/fmriprep-20.2.0.sif'], ['singularity', 'exec', '--cleanenv', '-B', '/om2/scratch/Thu/nlo:/BASE:rw', '-B', '/rdma/vast-rdma/scratch/Thu/nlo/pydra-cache/abide2/ONRC_2/SingularityTask_71dafed7411802a8d7e63b5afd37de2c4baeb3c183f21dc50d3b801b329d7dd0:/output_pydra:rw', '--pwd', '/output_pydra', '/om4/group/gablab/data/singularity-images/fmriprep-20.2.0.sif'], ['singularity', 'exec', '--cleanenv', '-B', '/om2/scratch/Thu/nlo:/BASE:rw', '-B', '/rdma/vast-rdma/scratch/Thu/nlo/pydra-cache/abide2/ONRC_2/SingularityTask_d781904ad0f50f0bdc4bfee9cd3e8169213216b4ddd9a90f75292675c5a64d4c:/output_pydra:rw', '--pwd', '/output_pydra', '/om4/group/gablab/data/singularity-images/fmriprep-20.2.0.sif'], ['singularity', 'exec', '--cleanenv', '-B', '/om2/scratch/Thu/nlo:/BASE:rw', '-B', '/rdma/vast-rdma/scratch/Thu/nlo/pydra-cache/abide2/ONRC_2/SingularityTask_92c43013f81320287895369955709c950b4bdba7a0113222494bf989b1483ab2:/output_pydra:rw', '--pwd', '/output_pydra', '/om4/group/gablab/data/singularity-images/fmriprep-20.2.0.sif'], ['singularity', 'exec', '--cleanenv', '-B', '/om2/scratch/Thu/nlo:/BASE:rw', '-B', '/rdma/vast-rdma/scratch/Thu/nlo/pydra-cache/abide2/ONRC_2/SingularityTask_ed089c96caebd22309e58d22c694cfd99d8d2b4ffab49ed335343365bc380259:/output_pydra:rw', '--pwd', '/output_pydra', '/om4/group/gablab/data/singularity-images/fmriprep-20.2.0.sif'], ['singularity', 'exec', '--cleanenv', '-B', '/om2/scratch/Thu/nlo:/BASE:rw', '-B', '/rdma/vast-rdma/scratch/Thu/nlo/pydra-cache/abide2/ONRC_2/SingularityTask_10a44cab910cb35659187067eca93af19ee35d02dc32d642ce60bc7d8ee91cdc:/output_pydra:rw', '--pwd', '/output_pydra', '/om4/group/gablab/data/singularity-images/fmriprep-20.2.0.sif'], ['singularity', 'exec', '--cleanenv', '-B', '/om2/scratch/Thu/nlo:/BASE:rw', '-B', '/rdma/vast-rdma/scratch/Thu/nlo/pydra-cache/abide2/ONRC_2/SingularityTask_b921148e63cf33333b5335dd88af1a3e46c5a8910f445323296acf491bfa9230:/output_pydra:rw', '--pwd', '/output_pydra', '/om4/group/gablab/data/singularity-images/fmriprep-20.2.0.sif'], ['singularity', 'exec', '--cleanenv', '-B', '/om2/scratch/Thu/nlo:/BASE:rw', '-B', '/rdma/vast-rdma/scratch/Thu/nlo/pydra-cache/abide2/ONRC_2/SingularityTask_8c83577f40f23eddc01bdd566433ea6513c3f48809c68401e69425fb640d5322:/output_pydra:rw', '--pwd', '/output_pydra', '/om4/group/gablab/data/singularity-images/fmriprep-20.2.0.sif'], ['singularity', 'exec', '--cleanenv', '-B', '/om2/scratch/Thu/nlo:/BASE:rw', '-B', '/rdma/vast-rdma/scratch/Thu/nlo/pydra-cache/abide2/ONRC_2/SingularityTask_7c9229c0adbfe15aef32c4d9ced82188f7f5e08f897ab87d902d4238516bc95e:/output_pydra:rw', '--pwd', '/output_pydra', '/om4/group/gablab/data/singularity-images/fmriprep-20.2.0.sif'], ['singularity', 'exec', '--cleanenv', '-B', '/om2/scratch/Thu/nlo:/BASE:rw', '-B', '/rdma/vast-rdma/scratch/Thu/nlo/pydra-cache/abide2/ONRC_2/SingularityTask_6f8bded9bc368b6558c4d049030f0da2bb467025612d765cfe30888554cc2dd6:/output_pydra:rw', '--pwd', '/output_pydra', '/om4/group/gablab/data/singularity-images/fmriprep-20.2.0.sif'], ['singularity', 'exec', '--cleanenv', '-B', '/om2/scratch/Thu/nlo:/BASE:rw', '-B', '/rdma/vast-rdma/scratch/Thu/nlo/pydra-cache/abide2/ONRC_2/SingularityTask_cfc91b575b2da77a7ecf19a3074afae13b54a61775cbe09e67e057f437bbbe17:/output_pydra:rw', '--pwd', '/output_pydra', '/om4/group/gablab/data/singularity-images/fmriprep-20.2.0.sif'], ['singularity', 'exec', '--cleanenv', '-B', '/om2/scratch/Thu/nlo:/BASE:rw', '-B', '/rdma/vast-rdma/scratch/Thu/nlo/pydra-cache/abide2/ONRC_2/SingularityTask_6f978e8eb450c0bca9776db7e33d5cc1cce1329867121214cce0d5e2129c40f7:/output_pydra:rw', '--pwd', '/output_pydra', '/om4/group/gablab/data/singularity-images/fmriprep-20.2.0.sif'], ['singularity', 'exec', '--cleanenv', '-B', '/om2/scratch/Thu/nlo:/BASE:rw', '-B', '/rdma/vast-rdma/scratch/Thu/nlo/pydra-cache/abide2/ONRC_2/SingularityTask_33c8f23c42ff19335dc8d741a04a6f7c6bd666a0684f10cb4e7dc5a8f7cc16c8:/output_pydra:rw', '--pwd', '/output_pydra', '/om4/group/gablab/data/singularity-images/fmriprep-20.2.0.sif'], ['singularity', 'exec', '--cleanenv', '-B', '/om2/scratch/Thu/nlo:/BASE:rw', '-B', '/rdma/vast-rdma/scratch/Thu/nlo/pydra-cache/abide2/ONRC_2/SingularityTask_6042faf754c42d5ae3816c90ba04537e5d76cd09fd5c8898a17d6c32e0a5c7fe:/output_pydra:rw', '--pwd', '/output_pydra', '/om4/group/gablab/data/singularity-images/fmriprep-20.2.0.sif'], ['singularity', 'exec', '--cleanenv', '-B', '/om2/scratch/Thu/nlo:/BASE:rw', '-B', '/rdma/vast-rdma/scratch/Thu/nlo/pydra-cache/abide2/ONRC_2/SingularityTask_e03bab2ce98ba52fac20b63d773594223e1a55d50d30872d3908f64b30e7762c:/output_pydra:rw', '--pwd', '/output_pydra', '/om4/group/gablab/data/singularity-images/fmriprep-20.2.0.sif'], ['singularity', 'exec', '--cleanenv', '-B', '/om2/scratch/Thu/nlo:/BASE:rw', '-B', '/rdma/vast-rdma/scratch/Thu/nlo/pydra-cache/abide2/ONRC_2/SingularityTask_fbbe96037ad144a3e4ee73bdc741b04fb17c04667a823d469b0c01aa173a6501:/output_pydra:rw', '--pwd', '/output_pydra', '/om4/group/gablab/data/singularity-images/fmriprep-20.2.0.sif'], ['singularity', 'exec', '--cleanenv', '-B', '/om2/scratch/Thu/nlo:/BASE:rw', '-B', '/rdma/vast-rdma/scratch/Thu/nlo/pydra-cache/abide2/ONRC_2/SingularityTask_1d8cc10a0938c1262e4abdc04eb83155a9ca5c7fbb70e411cc7b68d32c9f7f4c:/output_pydra:rw', '--pwd', '/output_pydra', '/om4/group/gablab/data/singularity-images/fmriprep-20.2.0.sif'], ['singularity', 'exec', '--cleanenv', '-B', '/om2/scratch/Thu/nlo:/BASE:rw', '-B', '/rdma/vast-rdma/scratch/Thu/nlo/pydra-cache/abide2/ONRC_2/SingularityTask_01cb148ceb7477525c491f350814ce56af66d98a903e471b27424c48dc7ab6fe:/output_pydra:rw', '--pwd', '/output_pydra', '/om4/group/gablab/data/singularity-images/fmriprep-20.2.0.sif'], ['singularity', 'exec', '--cleanenv', '-B', '/om2/scratch/Thu/nlo:/BASE:rw', '-B', '/rdma/vast-rdma/scratch/Thu/nlo/pydra-cache/abide2/ONRC_2/SingularityTask_61b91ab127217f651efcfb993575c82768d894bb56073e2f56e5ab38c1de868f:/output_pydra:rw', '--pwd', '/output_pydra', '/om4/group/gablab/data/singularity-images/fmriprep-20.2.0.sif'], ['singularity', 'exec', '--cleanenv', '-B', '/om2/scratch/Thu/nlo:/BASE:rw', '-B', '/rdma/vast-rdma/scratch/Thu/nlo/pydra-cache/abide2/ONRC_2/SingularityTask_fe43d4eb780f676128b93a94d94c0751d0f13b8e5b5c39f30bd113783500733a:/output_pydra:rw', '--pwd', '/output_pydra', '/om4/group/gablab/data/singularity-images/fmriprep-20.2.0.sif'], ['singularity', 'exec', '--cleanenv', '-B', '/om2/scratch/Thu/nlo:/BASE:rw', '-B', '/rdma/vast-rdma/scratch/Thu/nlo/pydra-cache/abide2/ONRC_2/SingularityTask_cee125b32fd80a61b454db4b9577b5894230df1d593d77798ab76aa7b0783d5f:/output_pydra:rw', '--pwd', '/output_pydra', '/om4/group/gablab/data/singularity-images/fmriprep-20.2.0.sif'], ['singularity', 'exec', '--cleanenv', '-B', '/om2/scratch/Thu/nlo:/BASE:rw', '-B', '/rdma/vast-rdma/scratch/Thu/nlo/pydra-cache/abide2/ONRC_2/SingularityTask_516b9ee8405d341391043f55b964a1e74dd905e1d104bfccf33b50903d226835:/output_pydra:rw', '--pwd', '/output_pydra', '/om4/group/gablab/data/singularity-images/fmriprep-20.2.0.sif'], ['singularity', 'exec', '--cleanenv', '-B', '/om2/scratch/Thu/nlo:/BASE:rw', '-B', '/rdma/vast-rdma/scratch/Thu/nlo/pydra-cache/abide2/ONRC_2/SingularityTask_2920ebe30fc2e17101467f5fa37fe1c3144b37a79b243f0fe930379807223606:/output_pydra:rw', '--pwd', '/output_pydra', '/om4/group/gablab/data/singularity-images/fmriprep-20.2.0.sif'], ['singularity', 'exec', '--cleanenv', '-B', '/om2/scratch/Thu/nlo:/BASE:rw', '-B', '/rdma/vast-rdma/scratch/Thu/nlo/pydra-cache/abide2/ONRC_2/SingularityTask_7692cfda1bc32b5e1074ca2cc45cb5898b23fd00f19e2e2940a309ed14ab6465:/output_pydra:rw', '--pwd', '/output_pydra', '/om4/group/gablab/data/singularity-images/fmriprep-20.2.0.sif'], ['singularity', 'exec', '--cleanenv', '-B', '/om2/scratch/Thu/nlo:/BASE:rw', '-B', '/rdma/vast-rdma/scratch/Thu/nlo/pydra-cache/abide2/ONRC_2/SingularityTask_49d4a0e51a4b6daa571978864890474c2b8d3922c809ce73e3658f5a52c7cc0d:/output_pydra:rw', '--pwd', '/output_pydra', '/om4/group/gablab/data/singularity-images/fmriprep-20.2.0.sif'], ['singularity', 'exec', '--cleanenv', '-B', '/om2/scratch/Thu/nlo:/BASE:rw', '-B', '/rdma/vast-rdma/scratch/Thu/nlo/pydra-cache/abide2/ONRC_2/SingularityTask_b83868f3deefeb63afcba7a119228d08a71c29ccf8f36974dd0d9017d006334b:/output_pydra:rw', '--pwd', '/output_pydra', '/om4/group/gablab/data/singularity-images/fmriprep-20.2.0.sif'], ['singularity', 'exec', '--cleanenv', '-B', '/om2/scratch/Thu/nlo:/BASE:rw', '-B', '/rdma/vast-rdma/scratch/Thu/nlo/pydra-cache/abide2/ONRC_2/SingularityTask_cc94b41519ac07c97a74452991ae7b0797df1a4a460d0daef8fbbbb41248310f:/output_pydra:rw', '--pwd', '/output_pydra', '/om4/group/gablab/data/singularity-images/fmriprep-20.2.0.sif'], ['singularity', 'exec', '--cleanenv', '-B', '/om2/scratch/Thu/nlo:/BASE:rw', '-B', '/rdma/vast-rdma/scratch/Thu/nlo/pydra-cache/abide2/ONRC_2/SingularityTask_b671c9f9dd823027617304653644dd4f040a57bfe175e68049fe58771d0d8b46:/output_pydra:rw', '--pwd', '/output_pydra', '/om4/group/gablab/data/singularity-images/fmriprep-20.2.0.sif'], ['singularity', 'exec', '--cleanenv', '-B', '/om2/scratch/Thu/nlo:/BASE:rw', '-B', '/rdma/vast-rdma/scratch/Thu/nlo/pydra-cache/abide2/ONRC_2/SingularityTask_1d736cac8e7ae0712ec4f782a51c91d17a42ff6f753f6662a6a42cec244de01c:/output_pydra:rw', '--pwd', '/output_pydra', '/om4/group/gablab/data/singularity-images/fmriprep-20.2.0.sif'], ['singularity', 'exec', '--cleanenv', '-B', '/om2/scratch/Thu/nlo:/BASE:rw', '-B', '/rdma/vast-rdma/scratch/Thu/nlo/pydra-cache/abide2/ONRC_2/SingularityTask_3b0216d04650058b640ad2917646188257182008255d38344520c751e9b24581:/output_pydra:rw', '--pwd', '/output_pydra', '/om4/group/gablab/data/singularity-images/fmriprep-20.2.0.sif']]

sbatch_args:-J ONRC_2 -t 36:00:00 --mem=8GB --cpus-per-task=2 -p normal
Traceback (most recent call last):
  File "/om2/scratch/Thu/nlo/scripts/pipeline/fmriprep-loop-task.py", line 87, in <module>
    singu(submitter=sub)
  File "/om2/user/nlo/miniconda/envs/pydra/lib/python3.7/site-packages/pydra/engine/core.py", line 424, in __call__
    res = sub(self)
  File "/om2/user/nlo/miniconda/envs/pydra/lib/python3.7/site-packages/pydra/engine/submitter.py", line 58, in __call__
    self.loop.run_until_complete(self.submit(runnable, wait=True, rerun=rerun))
  File "/om2/user/nlo/miniconda/envs/pydra/lib/python3.7/asyncio/base_events.py", line 587, in run_until_complete
    return future.result()
  File "/om2/user/nlo/miniconda/envs/pydra/lib/python3.7/site-packages/pydra/engine/submitter.py", line 132, in submit
    await asyncio.gather(*futures)
  File "/om2/user/nlo/miniconda/envs/pydra/lib/python3.7/site-packages/pydra/engine/workers.py", line 295, in _submit_job
    done = await self._poll_job(jobid)
  File "/om2/user/nlo/miniconda/envs/pydra/lib/python3.7/site-packages/pydra/engine/workers.py", line 320, in _poll_job
    status = await self._verify_exit_code(jobid)
  File "/om2/user/nlo/miniconda/envs/pydra/lib/python3.7/site-packages/pydra/engine/workers.py", line 345, in _verify_exit_code
    raise Exception(error_message)
Exception: RuntimeError: ('\x1b[33mWARNING:\x1b[0m seccomp requested but not enabled, seccomp library is missing or too old\n/usr/local/miniconda/lib/python3.7/site-packages/bids/layout/validation.py:46: UserWarning: The ability to pass arguments to BIDSLayout that control indexing is likely to be removed in future; possibly as early as PyBIDS 0.14. This includes the `config_filename`, `ignore`, `force_index`, and `index_metadata` arguments. The recommended usage pattern is to initialize a new BIDSLayoutIndexer with these arguments, and pass it to the BIDSLayout via the `indexer` argument.\n  warnings.warn("The ability to pass arguments to BIDSLayout that control "\nYou are using fMRIPrep-20.2.0, and a newer version of fMRIPrep is available: 20.2.1.\nPlease check out our documentation about how and when to upgrade:\nhttps://fmriprep.readthedocs.io/en/latest/faq.html#upgrading\nTraceback (most recent call last):\n  File "/usr/local/miniconda/lib/python3.7/site-packages/fmriprep/cli/run.py", line 93, in main\n    fmriprep_wf.run(**config.nipype.get_plugin())\n  File "/usr/local/miniconda/lib/python3.7/site-packages/nipype/pipeline/engine/workflows.py", line 632, in run\n    runner.run(execgraph, updatehash=updatehash, config=self.config)\n  File "/usr/local/miniconda/lib/python3.7/site-packages/nipype/pipeline/plugins/base.py", line 192, in run\n    report_nodes_not_run(notrun)\n  File "/usr/local/miniconda/lib/python3.7/site-packages/nipype/pipeline/plugins/tools.py", line 98, in report_nodes_not_run\n    ("Workflow did not execute cleanly. " "Check log for details")\nRuntimeError: Workflow did not execute cleanly. Check log for details\n\nDuring handling of the above exception, another exception occurred:\n\nTraceback (most recent call last):\n  File "/usr/local/miniconda/lib/python3.7/site-packages/fmriprep/cli/run.py", line 108, in main\n    process_crashfile(crashfile)\n  File "/usr/local/miniconda/lib/python3.7/site-packages/fmriprep/utils/sentry.py", line 63, in process_crashfile\n    crash_info = read_crashfile(str(crashfile))\n  File "/usr/local/miniconda/lib/python3.7/site-packages/niworkflows/utils/misc.py", line 118, in read_crashfile\n    return _read_txt(path)\n  File "/usr/local/miniconda/lib/python3.7/site-packages/niworkflows/utils/misc.py", line 175, in _read_txt\n    cur_key, cur_val = tuple(line.split(" = ", 1))\nValueError: not enough values to unpack (expected 2, got 1)\n\nDuring handling of the above exception, another exception occurred:\n\nTraceback (most recent call last):\n  File "/usr/local/miniconda/bin/fmriprep", line 10, in <module>\n    sys.exit(main())\n  File "/usr/local/miniconda/lib/python3.7/site-packages/fmriprep/cli/run.py", line 164, in main\n    packagename="fmriprep",\n  File "/usr/local/miniconda/lib/python3.7/site-packages/niworkflows/reports/core.py", line 533, in generate_reports\n    for subject_label in subject_list\n  File "/usr/local/miniconda/lib/python3.7/site-packages/niworkflows/reports/core.py", line 533, in <listcomp>\n    for subject_label in subject_list\n  File "/usr/local/miniconda/lib/python3.7/site-packages/niworkflows/reports/core.py", line 513, in run_reports\n    reportlets_dir=reportlets_dir,\n  File "/usr/local/miniconda/lib/python3.7/site-packages/niworkflows/reports/core.py", line 271, in __init__\n    self._load_config(Path(config or pkgrf("niworkflows", "reports/default.yml")))\n  File "/usr/local/miniconda/lib/python3.7/site-packages/niworkflows/reports/core.py", line 290, in _load_config\n    self.index(settings["sections"])\n  File "/usr/local/miniconda/lib/python3.7/site-packages/niworkflows/reports/core.py", line 358, in index\n    self.errors = [read_crashfile(str(f)) for f in error_dir.glob("crash*.*")]\n  File "/usr/local/miniconda/lib/python3.7/site-packages/niworkflows/reports/core.py", line 358, in <listcomp>\n    self.errors = [read_crashfile(str(f)) for f in error_dir.glob("crash*.*")]\n  File "/usr/local/miniconda/lib/python3.7/site-packages/niworkflows/utils/misc.py", line 118, in read_crashfile\n    return _read_txt(path)\n  File "/usr/local/miniconda/lib/python3.7/site-packages/niworkflows/utils/misc.py", line 175, in _read_txt\n    cur_key, cur_val = tuple(line.split(" = ", 1))\nValueError: not enough values to unpack (expected 2, got 1)\nSentry is attempting to send 0 pending error messages\nWaiting up to 2 seconds\nPress Ctrl-C to quit\n', ' full crash report is here: /rdma/vast-rdma/scratch/Thu/nlo/pydra-cache/abide2/ONRC_2/SingularityTask_3b0216d04650058b640ad2917646188257182008255d38344520c751e9b24581/_error.pklz')
